[    0.000000] Linux version 4.15.0-212-generic (buildd@lcy02-amd64-083) (gcc version 7.5.0 (Ubuntu 7.5.0-3ubuntu1~18.04)) #223-Ubuntu SMP Tue May 23 13:09:22 UTC 2023 (Ubuntu 4.15.0-212.223-generic 4.15.18)
[    0.000000] Command line: BOOT_IMAGE=/boot/vmlinuz-4.15.0-212-generic root=LABEL=cloudimg-rootfs ro console=tty1 console=ttyS0
[    0.000000] KERNEL supported cpus:
[    0.000000]   Intel GenuineIntel
[    0.000000]   AMD AuthenticAMD
[    0.000000]   Centaur CentaurHauls
[    0.000000] x86/fpu: Supporting XSAVE feature 0x001: 'x87 floating point registers'
[    0.000000] x86/fpu: Supporting XSAVE feature 0x002: 'SSE registers'
[    0.000000] x86/fpu: Supporting XSAVE feature 0x004: 'AVX registers'
[    0.000000] x86/fpu: xstate_offset[2]:  576, xstate_sizes[2]:  256
[    0.000000] x86/fpu: Enabled xstate features 0x7, context size is 832 bytes, using 'standard' format.
[    0.000000] e820: BIOS-provided physical RAM map:
[    0.000000] BIOS-e820: [mem 0x0000000000000000-0x000000000009fbff] usable
[    0.000000] BIOS-e820: [mem 0x000000000009fc00-0x000000000009ffff] reserved
[    0.000000] BIOS-e820: [mem 0x00000000000f0000-0x00000000000fffff] reserved
[    0.000000] BIOS-e820: [mem 0x0000000000100000-0x000000001ffeffff] usable
[    0.000000] BIOS-e820: [mem 0x000000001fff0000-0x000000001fffffff] ACPI data
[    0.000000] BIOS-e820: [mem 0x00000000fec00000-0x00000000fec00fff] reserved
[    0.000000] BIOS-e820: [mem 0x00000000fee00000-0x00000000fee00fff] reserved
[    0.000000] BIOS-e820: [mem 0x00000000fffc0000-0x00000000ffffffff] reserved
[    0.000000] NX (Execute Disable) protection: active
[    0.000000] SMBIOS 2.5 present.
[    0.000000] DMI: innotek GmbH VirtualBox/VirtualBox, BIOS VirtualBox 12/01/2006
[    0.000000] Hypervisor detected: KVM
[    0.000000] e820: last_pfn = 0x1fff0 max_arch_pfn = 0x400000000
[    0.000000] MTRR: Disabled
[    0.000000] x86/PAT: MTRRs disabled, skipping PAT initialization too.
[    0.000000] CPU MTRRs all blank - virtualized system.
[    0.000000] x86/PAT: Configuration [0-7]: WB  WT  UC- UC  WB  WT  UC- UC  
[    0.000000] found SMP MP-table at [mem 0x0009fff0-0x0009ffff]
[    0.000000] Scanning 1 areas for low memory corruption
[    0.000000] RAMDISK: [mem 0x1db01000-0x1ee12fff]
[    0.000000] ACPI: Early table checksum verification disabled
[    0.000000] ACPI: RSDP 0x00000000000E0000 000024 (v02 VBOX  )
[    0.000000] ACPI: XSDT 0x000000001FFF0030 00003C (v01 VBOX   VBOXXSDT 00000001 ASL  00000061)
[    0.000000] ACPI: FACP 0x000000001FFF00F0 0000F4 (v04 VBOX   VBOXFACP 00000001 ASL  00000061)
[    0.000000] ACPI: DSDT 0x000000001FFF0470 002325 (v02 VBOX   VBOXBIOS 00000002 INTL 20200925)
[    0.000000] ACPI: FACS 0x000000001FFF0200 000040
[    0.000000] ACPI: FACS 0x000000001FFF0200 000040
[    0.000000] ACPI: APIC 0x000000001FFF0240 00005C (v02 VBOX   VBOXAPIC 00000001 ASL  00000061)
[    0.000000] ACPI: SSDT 0x000000001FFF02A0 0001CC (v01 VBOX   VBOXCPUT 00000002 INTL 20200925)
[    0.000000] ACPI: Reserving FACP table memory at [mem 0x1fff00f0-0x1fff01e3]
[    0.000000] ACPI: Reserving DSDT table memory at [mem 0x1fff0470-0x1fff2794]
[    0.000000] ACPI: Reserving FACS table memory at [mem 0x1fff0200-0x1fff023f]
[    0.000000] ACPI: Reserving FACS table memory at [mem 0x1fff0200-0x1fff023f]
[    0.000000] ACPI: Reserving APIC table memory at [mem 0x1fff0240-0x1fff029b]
[    0.000000] ACPI: Reserving SSDT table memory at [mem 0x1fff02a0-0x1fff046b]
[    0.000000] No NUMA configuration found
[    0.000000] Faking a node at [mem 0x0000000000000000-0x000000001ffeffff]
[    0.000000] NODE_DATA(0) allocated [mem 0x1ffc5000-0x1ffeffff]
[    0.000000] kvm-clock: cpu 0, msr 0:1ff44001, primary cpu clock
[    0.000000] kvm-clock: Using msrs 4b564d01 and 4b564d00
[    0.000000] kvm-clock: using sched offset of 3123452536 cycles
[    0.000000] clocksource: kvm-clock: mask: 0xffffffffffffffff max_cycles: 0x1cd42e4dffb, max_idle_ns: 881590591483 ns
[    0.000000] Zone ranges:
[    0.000000]   DMA      [mem 0x0000000000001000-0x0000000000ffffff]
[    0.000000]   DMA32    [mem 0x0000000001000000-0x000000001ffeffff]
[    0.000000]   Normal   empty
[    0.000000]   Device   empty
[    0.000000] Movable zone start for each node
[    0.000000] Early memory node ranges
[    0.000000]   node   0: [mem 0x0000000000001000-0x000000000009efff]
[    0.000000]   node   0: [mem 0x0000000000100000-0x000000001ffeffff]
[    0.000000] Reserved but unavailable: 104 pages
[    0.000000] Initmem setup node 0 [mem 0x0000000000001000-0x000000001ffeffff]
[    0.000000] ACPI: PM-Timer IO Port: 0x4008
[    0.000000] IOAPIC[0]: apic_id 2, version 32, address 0xfec00000, GSI 0-23
[    0.000000] ACPI: INT_SRC_OVR (bus 0 bus_irq 0 global_irq 2 dfl dfl)
[    0.000000] ACPI: INT_SRC_OVR (bus 0 bus_irq 9 global_irq 9 low level)
[    0.000000] Using ACPI (MADT) for SMP configuration information
[    0.000000] smpboot: Allowing 2 CPUs, 0 hotplug CPUs
[    0.000000] PM: Registered nosave memory: [mem 0x00000000-0x00000fff]
[    0.000000] PM: Registered nosave memory: [mem 0x0009f000-0x0009ffff]
[    0.000000] PM: Registered nosave memory: [mem 0x000a0000-0x000effff]
[    0.000000] PM: Registered nosave memory: [mem 0x000f0000-0x000fffff]
[    0.000000] e820: [mem 0x20000000-0xfebfffff] available for PCI devices
[    0.000000] Booting paravirtualized kernel on KVM
[    0.000000] clocksource: refined-jiffies: mask: 0xffffffff max_cycles: 0xffffffff, max_idle_ns: 7645519600211568 ns
[    0.000000] setup_percpu: NR_CPUS:8192 nr_cpumask_bits:2 nr_cpu_ids:2 nr_node_ids:1
[    0.000000] percpu: Embedded 50 pages/cpu s167936 r8192 d28672 u1048576
[    0.000000] PV qspinlock hash table entries: 256 (order: 0, 4096 bytes)
[    0.000000] Built 1 zonelists, mobility grouping on.  Total pages: 128889
[    0.000000] Policy zone: DMA32
[    0.000000] Kernel command line: BOOT_IMAGE=/boot/vmlinuz-4.15.0-212-generic root=LABEL=cloudimg-rootfs ro console=tty1 console=ttyS0
[    0.000000] Memory: 466548K/523832K available (12300K kernel code, 2477K rwdata, 4324K rodata, 2480K init, 2720K bss, 57284K reserved, 0K cma-reserved)
[    0.000000] SLUB: HWalign=64, Order=0-3, MinObjects=0, CPUs=2, Nodes=1
[    0.000000] Kernel/User page tables isolation: enabled
[    0.000000] ftrace: allocating 39508 entries in 155 pages
[    0.004000] Hierarchical RCU implementation.
[    0.004000] 	RCU restricting CPUs from NR_CPUS=8192 to nr_cpu_ids=2.
[    0.004000] 	Tasks RCU enabled.
[    0.004000] RCU: Adjusting geometry for rcu_fanout_leaf=16, nr_cpu_ids=2
[    0.004000] NR_IRQS: 524544, nr_irqs: 440, preallocated irqs: 16
[    0.004000] random: crng init done
[    0.004000] Console: colour VGA+ 80x25
[    0.004000] console [tty1] enabled
[    0.004000] console [ttyS0] enabled
[    0.004000] ACPI: Core revision 20170831
[    0.004000] ACPI: 2 ACPI AML tables successfully acquired and loaded
[    0.004000] APIC: Switch to symmetric I/O mode setup
[    0.004000] x2apic enabled
[    0.004000] Switched APIC routing to physical x2apic.
[    0.004000] ..TIMER: vector=0x30 apic1=0 pin1=2 apic2=-1 pin2=-1
[    0.004000] tsc: Detected 2419.200 MHz processor
[    0.004000] Calibrating delay loop (skipped) preset value.. 4838.40 BogoMIPS (lpj=9676800)
[    0.004004] pid_max: default: 32768 minimum: 301
[    0.004489] Security Framework initialized
[    0.004916] Yama: becoming mindful.
[    0.005302] AppArmor: AppArmor initialized
[    0.005802] Dentry cache hash table entries: 65536 (order: 7, 524288 bytes)
[    0.006499] Inode-cache hash table entries: 32768 (order: 6, 262144 bytes)
[    0.007183] Mount-cache hash table entries: 1024 (order: 1, 8192 bytes)
[    0.008003] Mountpoint-cache hash table entries: 1024 (order: 1, 8192 bytes)
[    0.008912] Last level iTLB entries: 4KB 0, 2MB 0, 4MB 0
[    0.009447] Last level dTLB entries: 4KB 0, 2MB 0, 4MB 0, 1GB 0
[    0.010036] Spectre V1 : Mitigation: usercopy/swapgs barriers and __user pointer sanitization
[    0.010895] Spectre V2 : Mitigation: Retpolines
[    0.011362] Spectre V2 : Spectre v2 / SpectreRSB mitigation: Filling RSB on context switch
[    0.012001] Spectre V2 : Spectre v2 / SpectreRSB : Filling RSB on VMEXIT
[    0.012669] Speculative Store Bypass: Vulnerable
[    0.013175] MDS: Mitigation: Clear CPU buffers
[    0.013777] Freeing SMP alternatives memory: 36K
[    0.124660] smpboot: CPU0: 11th Gen Intel(R) Core(TM) i5-1135G7 @ 2.40GHz (family: 0x6, model: 0x8c, stepping: 0x1)
[    0.126130] Performance Events: unsupported p6 CPU model 140 no PMU driver, software events only.
[    0.127050] Hierarchical SRCU implementation.
[    0.127922] NMI watchdog: Perf event create on CPU 0 failed with -2
[    0.128002] NMI watchdog: Perf NMI watchdog permanently disabled
[    0.128635] smp: Bringing up secondary CPUs ...
[    0.129160] x86: Booting SMP configuration:
[    0.129600] .... node  #0, CPUs:      #1
[    0.004000] kvm-clock: cpu 1, msr 0:1ff44041, secondary cpu clock
[    0.132015] smp: Brought up 1 node, 2 CPUs
[    0.132481] smpboot: Max logical packages: 1
[    0.132951] smpboot: Total of 2 processors activated (9676.80 BogoMIPS)
[    0.133690] devtmpfs: initialized
[    0.133690] x86/mm: Memory block size: 128MB
[    0.133690] evm: security.selinux
[    0.133690] evm: security.SMACK64
[    0.133690] evm: security.SMACK64EXEC
[    0.136003] evm: security.SMACK64TRANSMUTE
[    0.136433] evm: security.SMACK64MMAP
[    0.136825] evm: security.apparmor
[    0.137193] evm: security.ima
[    0.137521] evm: security.capability
[    0.137924] clocksource: jiffies: mask: 0xffffffff max_cycles: 0xffffffff, max_idle_ns: 7645041785100000 ns
[    0.137924] futex hash table entries: 512 (order: 3, 32768 bytes)
[    0.137924] pinctrl core: initialized pinctrl subsystem
[    0.140073] RTC time:  9:51:34, date: 02/16/24
[    0.140618] NET: Registered protocol family 16
[    0.141130] audit: initializing netlink subsys (disabled)
[    0.141692] audit: type=2000 audit(1708077098.950:1): state=initialized audit_enabled=0 res=1
[    0.141692] cpuidle: using governor ladder
[    0.141692] cpuidle: using governor menu
[    0.144032] ACPI: bus type PCI registered
[    0.144455] acpiphp: ACPI Hot Plug PCI Controller Driver version: 0.5
[    0.145156] PCI: Using configuration type 1 for base access
[    0.145751] HugeTLB registered 2.00 MiB page size, pre-allocated 0 pages
[    0.145751] ACPI: Added _OSI(Module Device)
[    0.145751] ACPI: Added _OSI(Processor Device)
[    0.148002] ACPI: Added _OSI(3.0 _SCP Extensions)
[    0.148487] ACPI: Added _OSI(Processor Aggregator Device)
[    0.149033] ACPI: Added _OSI(Linux-Dell-Video)
[    0.149497] ACPI: Added _OSI(Linux-Lenovo-NV-HDMI-Audio)
[    0.150035] ACPI: Added _OSI(Linux-HPI-Hybrid-Graphics)
[    0.150743] ACPI: Executed 1 blocks of module-level executable AML code
[    0.153937] ACPI: Interpreter enabled
[    0.154363] ACPI: (supports S0 S5)
[    0.154735] ACPI: Using IOAPIC for interrupt routing
[    0.155981] PCI: Using host bridge windows from ACPI; if necessary, use "pci=nocrs" and report a bug
[    0.156112] ACPI: Enabled 2 GPEs in block 00 to 07
[    0.161895] ACPI: PCI Root Bridge [PCI0] (domain 0000 [bus 00-ff])
[    0.162580] acpi PNP0A03:00: _OSC: OS supports [ASPM ClockPM Segments MSI]
[    0.163567] acpi PNP0A03:00: _OSC: not requesting OS control; OS requires [ExtendedConfig ASPM ClockPM MSI]
[    0.164007] acpi PNP0A03:00: fail to add MMCONFIG information, can't access extended PCI configuration space under this bridge.
[    0.165355] PCI host bridge to bus 0000:00
[    0.165803] pci_bus 0000:00: root bus resource [io  0x0000-0x0cf7 window]
[    0.166477] pci_bus 0000:00: root bus resource [io  0x0d00-0xffff window]
[    0.167152] pci_bus 0000:00: root bus resource [mem 0x000a0000-0x000bffff window]
[    0.168001] pci_bus 0000:00: root bus resource [mem 0x20000000-0xfdffffff window]
[    0.169225] pci_bus 0000:00: root bus resource [bus 00-ff]
[    0.170904] pci 0000:00:01.1: legacy IDE quirk: reg 0x10: [io  0x01f0-0x01f7]
[    0.172001] pci 0000:00:01.1: legacy IDE quirk: reg 0x14: [io  0x03f6]
[    0.172677] pci 0000:00:01.1: legacy IDE quirk: reg 0x18: [io  0x0170-0x0177]
[    0.173393] pci 0000:00:01.1: legacy IDE quirk: reg 0x1c: [io  0x0376]
[    0.180543] pci 0000:00:07.0: quirk: [io  0x4000-0x403f] claimed by PIIX4 ACPI
[    0.181345] pci 0000:00:07.0: quirk: [io  0x4100-0x410f] claimed by PIIX4 SMB
[    0.186135] ACPI: PCI Interrupt Link [LNKA] (IRQs 5 9 10 *11)
[    0.186988] ACPI: PCI Interrupt Link [LNKB] (IRQs 5 9 *10 11)
[    0.187646] ACPI: PCI Interrupt Link [LNKC] (IRQs 5 *9 10 11)
[    0.188070] ACPI: PCI Interrupt Link [LNKD] (IRQs 5 9 10 *11)
[    0.188945] SCSI subsystem initialized
[    0.189400] pci 0000:00:02.0: vgaarb: setting as boot VGA device
[    0.189400] pci 0000:00:02.0: vgaarb: VGA device added: decodes=io+mem,owns=io+mem,locks=none
[    0.189487] pci 0000:00:02.0: vgaarb: bridge control possible
[    0.190091] vgaarb: loaded
[    0.192018] ACPI: bus type USB registered
[    0.192459] usbcore: registered new interface driver usbfs
[    0.193022] usbcore: registered new interface driver hub
[    0.193566] usbcore: registered new device driver usb
[    0.194112] EDAC MC: Ver: 3.0.0
[    0.194112] PCI: Using ACPI for IRQ routing
[    0.194112] NetLabel: Initializing
[    0.194112] NetLabel:  domain hash size = 128
[    0.196002] NetLabel:  protocols = UNLABELED CIPSOv4 CALIPSO
[    0.196598] NetLabel:  unlabeled traffic allowed by default
[    0.197165] clocksource: Switched to clocksource kvm-clock
[    0.204524] VFS: Disk quotas dquot_6.6.0
[    0.205022] VFS: Dquot-cache hash table entries: 512 (order 0, 4096 bytes)
[    0.205788] AppArmor: AppArmor Filesystem Enabled
[    0.206294] pnp: PnP ACPI init
[    0.207259] pnp: PnP ACPI: found 3 devices
[    0.214132] clocksource: acpi_pm: mask: 0xffffff max_cycles: 0xffffff, max_idle_ns: 2085701024 ns
[    0.215310] NET: Registered protocol family 2
[    0.215812] IP idents hash table entries: 8192 (order: 4, 65536 bytes)
[    0.216591] TCP established hash table entries: 4096 (order: 3, 32768 bytes)
[    0.217337] TCP bind hash table entries: 4096 (order: 4, 65536 bytes)
[    0.217980] TCP: Hash tables configured (established 4096 bind 4096)
[    0.218619] UDP hash table entries: 256 (order: 1, 8192 bytes)
[    0.219204] UDP-Lite hash table entries: 256 (order: 1, 8192 bytes)
[    0.219841] NET: Registered protocol family 1
[    0.220317] pci 0000:00:00.0: Limiting direct PCI/PCI transfers
[    0.220932] pci 0000:00:01.0: Activating ISA DMA hang workarounds
[    0.221579] pci 0000:00:02.0: Video device with shadowed ROM at [mem 0x000c0000-0x000dffff]
[    0.222480] Unpacking initramfs...
[    0.419493] Freeing initrd memory: 19528K
[    0.420132] clocksource: tsc: mask: 0xffffffffffffffff max_cycles: 0x22df1149949, max_idle_ns: 440795312789 ns
[    0.421146] platform rtc_cmos: registered platform RTC device (no PNP device found)
[    0.421967] Scanning for low memory corruption every 60 seconds
[    0.423137] Initialise system trusted keyrings
[    0.423613] Key type blacklist registered
[    0.424132] workingset: timestamp_bits=36 max_order=17 bucket_order=0
[    0.425386] zbud: loaded
[    0.426082] squashfs: version 4.0 (2009/01/31) Phillip Lougher
[    0.426879] fuse init (API version 7.26)
[    0.428338] Key type asymmetric registered
[    0.428781] Asymmetric key parser 'x509' registered
[    0.429338] Block layer SCSI generic (bsg) driver version 0.4 loaded (major 246)
[    0.430138] io scheduler noop registered
[    0.430558] io scheduler deadline registered
[    0.431016] io scheduler cfq registered (default)
[    0.431711] ACPI: AC Adapter [AC] (off-line)
[    0.432204] input: Power Button as /devices/LNXSYSTM:00/LNXPWRBN:00/input/input0
[    0.433087] ACPI: Power Button [PWRF]
[    0.433537] input: Sleep Button as /devices/LNXSYSTM:00/LNXSLPBN:00/input/input1
[    0.434293] ACPI: Sleep Button [SLPF]
[    0.435369] ACPI: Battery Slot [BAT0] (battery present)
[    0.436065] Serial: 8250/16550 driver, 32 ports, IRQ sharing enabled
[    0.457314] 00:02: ttyS0 at I/O 0x3f8 (irq = 4, base_baud = 115200) is a 16550A
[    0.459640] Linux agpgart interface v0.103
[    0.460949] loop: module loaded
[    0.461658] scsi host0: ata_piix
[    0.462115] scsi host1: ata_piix
[    0.462488] ata1: PATA max UDMA/33 cmd 0x1f0 ctl 0x3f6 bmdma 0xd000 irq 14
[    0.463160] ata2: PATA max UDMA/33 cmd 0x170 ctl 0x376 bmdma 0xd008 irq 15
[    0.463896] tun: Universal TUN/TAP device driver, 1.6
[    0.464540] PPP generic driver version 2.4.2
[    0.465089] ehci_hcd: USB 2.0 'Enhanced' Host Controller (EHCI) Driver
[    0.465739] ehci-pci: EHCI PCI platform driver
[    0.466207] ehci-platform: EHCI generic platform driver
[    0.466740] ohci_hcd: USB 1.1 'Open' Host Controller (OHCI) Driver
[    0.467351] ohci-pci: OHCI PCI platform driver
[    0.467816] ohci-platform: OHCI generic platform driver
[    0.468366] uhci_hcd: USB Universal Host Controller Interface driver
[    0.469027] i8042: PNP: PS/2 Controller [PNP0303:PS2K,PNP0f03:PS2M] at 0x60,0x64 irq 1,12
[    0.470233] serio: i8042 KBD port at 0x60,0x64 irq 1
[    0.470757] serio: i8042 AUX port at 0x60,0x64 irq 12
[    0.471354] mousedev: PS/2 mouse device common for all mice
[    0.472293] input: AT Translated Set 2 keyboard as /devices/platform/i8042/serio0/input/input2
[    0.473355] rtc_cmos rtc_cmos: rtc core: registered rtc_cmos as rtc0
[    0.474030] rtc_cmos rtc_cmos: alarms up to one day, 114 bytes nvram
[    0.474665] i2c /dev entries driver
[    0.475072] device-mapper: uevent: version 1.0.3
[    0.475620] device-mapper: ioctl: 4.37.0-ioctl (2017-09-20) initialised: dm-devel@redhat.com
[    0.476531] ledtrig-cpu: registered to indicate activity on CPUs
[    0.477401] NET: Registered protocol family 10
[    0.480114] Segment Routing with IPv6
[    0.480546] NET: Registered protocol family 17
[    0.481070] Key type dns_resolver registered
[    0.481633] mce: Using 0 MCE banks
[    0.482011] RAS: Correctable Errors collector initialized.
[    0.482578] sched_clock: Marking stable (481615137, 0)->(569334377, -87719240)
[    0.483580] registered taskstats version 1
[    0.484018] Loading compiled-in X.509 certificates
[    0.486084] Loaded X.509 cert 'Build time autogenerated kernel key: b5b26778eaa3ab3a4a6cee031137706e947d12ad'
[    0.487535] Loaded X.509 cert 'Canonical Ltd. Live Patch Signing: 14df34d1a87cf37625abec039ef2bf521249b969'
[    0.488973] Loaded X.509 cert 'Canonical Ltd. Kernel Module Signing: 88f752e560a1e0737e31163a466ad7b70a850c19'
[    0.489968] blacklist: Loading compiled-in revocation X.509 certificates
[    0.490662] Loaded X.509 cert 'Canonical Ltd. Secure Boot Signing: 61482aa2830d0ab2ad5af10b7250da9033ddcef0'
[    0.491638] Loaded X.509 cert 'Canonical Ltd. Secure Boot Signing (2017): 242ade75ac4a15e50d50c84b0d45ff3eae707a03'
[    0.492690] Loaded X.509 cert 'Canonical Ltd. Secure Boot Signing (ESM 2018): 365188c1d374d6b07c3c8f240f8ef722433d6a8b'
[    0.493775] Loaded X.509 cert 'Canonical Ltd. Secure Boot Signing (2019): c0746fd6c5da3ae827864651ad66ae47fe24b3e8'
[    0.494820] Loaded X.509 cert 'Canonical Ltd. Secure Boot Signing (2021 v1): a8d54bbb3825cfb94fa13c9f8a594a195c107b8d'
[    0.495868] Loaded X.509 cert 'Canonical Ltd. Secure Boot Signing (2021 v2): 4cf046892d6fd3c9a5b03f98d845f90851dc6a8c'
[    0.496973] Loaded X.509 cert 'Canonical Ltd. Secure Boot Signing (2021 v3): 100437bb6de6e469b581e61cd66bce3ef4ed53af'
[    0.498012] Loaded X.509 cert 'Canonical Ltd. Secure Boot Signing (Ubuntu Core 2019): c1d57b8f6b743f23ee41f4f7ee292f06eecadfb9'
[    0.499127] zswap: loaded using pool lzo/zbud
[    0.501876] Key type big_key registered
[    0.502330] Key type trusted registered
[    0.503808] Key type encrypted registered
[    0.504276] AppArmor: AppArmor sha1 policy hashing enabled
[    0.504839] ima: No TPM chip found, activating TPM-bypass! (rc=-19)
[    0.505467] ima: Allocated hash algorithm: sha1
[    0.505945] evm: HMAC attrs: 0x1
[    0.506453]   Magic number: 12:469:879
[    0.506961] rtc_cmos rtc_cmos: setting system clock to 2024-02-16 09:51:34 UTC (1708077094)
[    0.507861] BIOS EDD facility v0.16 2004-Jun-25, 0 devices found
[    0.508475] EDD information not available.
[    0.647456] Freeing unused kernel image memory: 2480K
[    0.770111] Write protecting the kernel read-only data: 20480k
[    0.773613] Freeing unused kernel image memory: 2008K
[    0.776157] Freeing unused kernel image memory: 1820K
[    0.788807] x86/mm: Checked W+X mappings: passed, no W+X pages found.
[    0.790281] x86/mm: Checking user space page tables
[    0.794558] x86/mm: Checked W+X mappings: passed, no W+X pages found.
Loading, please wait...
starting version 237
[    0.832925] e1000: Intel(R) PRO/1000 Network Driver - version 7.3.21-k8-NAPI
[    0.833787] e1000: Copyright (c) 1999-2006 Intel Corporation.
[    0.841155] Fusion MPT base driver 3.04.20
[    0.841677] Copyright (c) 1999-2008 LSI Corporation
[    0.844676] Fusion MPT SPI Host driver 3.04.20
[    0.855114] AVX2 version of gcm_enc/dec engaged.
[    0.855789] AES CTR mode by8 optimization enabled
[    1.050500] input: ImExPS/2 Generic Explorer Mouse as /devices/platform/i8042/serio1/input/input4
[    1.182475] e1000 0000:00:03.0 eth0: (PCI:33MHz:32-bit) 02:3b:7b:b7:3b:2d
[    1.183469] e1000 0000:00:03.0 eth0: Intel(R) PRO/1000 Network Connection
[    1.185109] mptbase: ioc0: Initiating bringup
[    1.280718] ioc0: LSI53C1030 A0: Capabilities={Initiator}
[    1.523832] scsi host2: ioc0: LSI53C1030 A0, FwRev=00000000h, Ports=1, MaxQ=256, IRQ=20
[    1.693637] scsi 2:0:0:0: Direct-Access     VBOX     HARDDISK         1.0  PQ: 0 ANSI: 5
[    1.736224] scsi target2:0:0: Beginning Domain Validation
[    1.742348] scsi target2:0:0: Domain Validation skipping write tests
[    1.743048] scsi target2:0:0: Ending Domain Validation
[    1.743632] scsi target2:0:0: asynchronous
[    1.744305] scsi 2:0:1:0: Direct-Access     VBOX     HARDDISK         1.0  PQ: 0 ANSI: 5
[    2.032192] scsi target2:0:1: Beginning Domain Validation
[    2.035924] scsi target2:0:1: Domain Validation skipping write tests
[    2.038185] scsi target2:0:1: Ending Domain Validation
[    2.040354] scsi target2:0:1: asynchronous
[    2.045745] sd 2:0:0:0: Attached scsi generic sg0 type 0
[    2.046920] sd 2:0:1:0: Attached scsi generic sg1 type 0
[    2.047887] sd 2:0:1:0: [sdb] 20480 512-byte logical blocks: (10.5 MB/10.0 MiB)
[    2.048688] e1000 0000:00:08.0 eth1: (PCI:33MHz:32-bit) 08:00:27:87:1a:6b
[    2.048975] sd 2:0:1:0: [sdb] Write Protect is off
[    2.049614] e1000 0000:00:08.0 eth1: Intel(R) PRO/1000 Network Connection
[    2.050901] sd 2:0:0:0: [sda] 83886080 512-byte logical blocks: (42.9 GB/40.0 GiB)
[    2.051123] sd 2:0:1:0: [sdb] Incomplete mode parameter data
[    2.052376] sd 2:0:1:0: [sdb] Assuming drive cache: write through
[    2.053073] sd 2:0:0:0: [sda] Write Protect is off
[    2.053843] sd 2:0:0:0: [sda] Incomplete mode parameter data
[    2.054439] sd 2:0:0:0: [sda] Assuming drive cache: write through
[    2.059890]  sda: sda1
[    2.060710] sd 2:0:0:0: [sda] Attached SCSI disk
[    2.060727] sd 2:0:1:0: [sdb] Attached SCSI disk
[    2.062326] e1000 0000:00:03.0 enp0s3: renamed from eth0
[    2.080838] e1000 0000:00:08.0 enp0s8: renamed from eth1
Begin: Loading essential drivers ... [    3.408120] raid6: sse2x1   gen() 17698 MB/s
[    3.456117] raid6: sse2x1   xor() 10625 MB/s
[    3.504123] raid6: sse2x2   gen() 22988 MB/s
[    3.552116] raid6: sse2x2   xor() 14803 MB/s
[    3.600117] raid6: sse2x4   gen() 23749 MB/s
[    3.648035] raid6: sse2x4   xor() 13655 MB/s
[    3.696111] raid6: avx2x1   gen() 34702 MB/s
[    3.744120] raid6: avx2x1   xor() 20701 MB/s
[    3.792105] raid6: avx2x2   gen() 42537 MB/s
[    3.840116] raid6: avx2x2   xor() 28087 MB/s
[    3.888115] raid6: avx2x4   gen() 42346 MB/s
[    3.936121] raid6: avx2x4   xor() 23971 MB/s
[    3.936739] raid6: using algorithm avx2x2 gen() 42537 MB/s
[    3.937359] raid6: .... xor() 28087 MB/s, rmw enabled
[    3.937884] raid6: using avx2x2 recovery algorithm
[    3.939502] xor: automatically using best checksumming function   avx       
[    3.941359] async_tx: api initialized (async)
done.
Begin: Running /scripts/init-premount ... done.
Begin: Mounting root file system ... Begin: Running /scripts/local-top ... done.
Begin: Running /scripts/local-premount ... [    3.972298] Btrfs loaded, crc32c=crc32c-intel
Scanning for Btrfs filesystems
done.
Warning: fsck not present, so skipping root file system
[    3.998856] EXT4-fs (sda1): mounted filesystem with ordered data mode. Opts: (null)
done.
Begin: Running /scripts/local-bottom ... done.
Begin: Running /scripts/init-bottom ... done.
[    4.128411] ip_tables: (C) 2000-2006 Netfilter Core Team
[    4.133967] systemd[1]: systemd 237 running in system mode. (+PAM +AUDIT +SELINUX +IMA +APPARMOR +SMACK +SYSVINIT +UTMP +LIBCRYPTSETUP +GCRYPT +GNUTLS +ACL +XZ +LZ4 +SECCOMP +BLKID +ELFUTILS +KMOD -IDN2 +IDN -PCRE2 default-hierarchy=hybrid)
[    4.136060] systemd[1]: Detected virtualization oracle.
[    4.136653] systemd[1]: Detected architecture x86-64.

Welcome to [1mUbuntu 18.04.6 LTS[0m!

[    4.140310] systemd[1]: Set hostname to <ubuntu>.
[    4.141953] systemd[1]: Initializing machine ID from random generator.
[    4.142629] systemd[1]: Installed transient /etc/machine-id file.
[    4.312269] systemd[1]: Reached target System Time Synchronized.
[[0;32m  OK  [0m] Reached target System Time Synchronized.
[    4.313427] systemd[1]: Reached target User and Group Name Lookups.
[[0;32m  OK  [0m] Reached target User and Group Name Lookups.
[    4.315480] systemd[1]: Created slice User and Session Slice.
[[0;32m  OK  [0m] Created slice User and Session Slice.
[    4.316610] systemd[1]: Started Forward Password Requests to Wall Directory Watch.
[[0;32m  OK  [0m] Started Forward Password Requests to Wall Directory Watch.
[[0;32m  OK  [0m] Created slice System Slice.
[[0;32m  OK  [0m] Listening on Journal Socket.
         Mounting POSIX Message Queue File System...
         Starting Load Kernel Modules...
[[0;32m  OK  [0m] Listening on udev Kernel Socket.
[[0;32m  OK  [0m] Reached target Slices.
[[0;32m  OK  [0m] Created slice system-serial\x2dgetty.slice.
[[0;32m  OK  [0m] Listening on Journal Socket (/dev/log).
[[0;32m  OK  [0m] Listening on /dev/initctl Compatibility Named Pipe.
[[0;32m  OK  [0m] Listening on LVM2 poll daemon socket.
         Mounting Kernel Debug File System...
         Starting Set the console keyboard layout...
[[0;32m  OK  [0m] Listening on Device-mapper event daemon FIFOs.
[[0;32m  OK  [0m] Listening on udev Control Socket.
         Starting udev Coldplug all Devices...
[[0;32m  OK  [0m] Listening on Network Service Netlink Socket.
[[0;32m  OK  [0m] Listening on fsck to fsckd communication Socket.
[[0;32m  OK  [0m] Listening on LVM2 metadata daemon socket.
         Starting Create list of required st…ce nodes for the current kernel...
[[0;32m  OK  [0m] Reached target Mounting snaps.
[[0;32m  OK  [0m] Reached target Mounted snaps.
         Mounting Huge Pages File System...
[[0;32m  OK  [0m] Reached target Swap.
         Starting File System Check on Root Device...
[    4.337396] Loading iSCSI transport class v2.0-870.
         Starting Monitoring of LVM2 mirrors…ng dmeventd or progress polling...
[[0;32m  OK  [0m] Set up automount Arbitrary Executab…rmats File System Automount Point.
[[0;32m  OK  [0m] Listening on Journal Audit Socket.
[[0;32m  OK  [0m] Listening on Syslog Socket.
         Starting Journal Service...
         Starting Uncomplicated firewall...
[[0;32m  OK  [0m] Mounted POSIX Message Queue File System.
[[0;32m  OK  [0m] Mounted Kernel Debug File System.
[[0;32m  OK  [0m] Started Create list of required sta…vice nodes for the current kernel.
[[0;32m  OK  [0m] Mounted Huge Pages File System.
[[0;32m  OK  [0m] Started LVM2 metadata daemon.
[[0;32m  OK  [0m] Started File System Check Daemon to report status.
         Starting Create Static Device Nodes in /dev...
[    4.406380] iscsi: registered transport (tcp)
[[0;32m  OK  [0m] Started udev Coldplug all Devices.
[[0;32m  OK  [0m] Started File System Check on Root Device.
         Starting Remount Root and Kernel File Systems...
[[0;32m  OK  [0m] Started Uncomplicated firewall.
[[0;32m  OK  [0m] Started Journal Service.
[[0;32m  OK  [0m] Started Create Static Device Nodes in /dev.
[    4.481138] iscsi: registered transport (iser)
[[0;32m  OK  [0m] Started Load Kernel Modules.
         Starting Apply Kernel Variables...
         Mounting FUSE Control File System...
         Mounting Kernel Configuration File System...
[[0;32m  OK  [0m] Mounted FUSE Control File System.
[[0;32m  OK  [0m] Mounted Kernel Configuration File System.
[[0;32m  OK  [0m] Started Remount Root and Kernel File Systems.
         Starting Flush Journal to Persistent Storage...
         Starting Load/Save Random Seed...
         Starting udev Kernel Device Manager...
[[0;32m  OK  [0m] Started Monitoring of LVM2 mirrors,…sing dmeventd or progress polling.
[[0;32m  OK  [0m] Started Apply Kernel Variables.
[[0;32m  OK  [0m] Started Load/Save Random Seed.
[[0;32m  OK  [0m] Started udev Kernel Device Manager.
[[0;32m  OK  [0m] Started Flush Journal to Persistent Storage.
[[0;32m  OK  [0m] Found device /dev/ttyS0.
[[0;32m  OK  [0m] Listening on Load/Save RF Kill Switch Status /dev/rfkill Watch.
         Mounting Arbitrary Executable File Formats File System...
[[0;32m  OK  [0m] Mounted Arbitrary Executable File Formats File System.
[[0;32m  OK  [0m] Started Set the console keyboard layout.
[[0;32m  OK  [0m] Reached target Local File Systems (Pre).
[[0;32m  OK  [0m] Reached target Local File Systems.
         Starting Commit a transient machine-id on disk...
         Starting AppArmor initialization...
         Starting Create Volatile Files and Directories...
         Starting Tell Plymouth To Write Out Runtime Data...
         Starting ebtables ruleset management...
         Starting Set console font and keymap...
[[0;32m  OK  [0m] Started Dispatch Password Requests to Console Directory Watch.
[[0;32m  OK  [0m] Reached target Local Encrypted Volumes.
[[0;32m  OK  [0m] Started Tell Plymouth To Write Out Runtime Data.
[[0;32m  OK  [0m] Started Create Volatile Files and Directories.
         Starting Update UTMP about System Boot/Shutdown...
[[0;32m  OK  [0m] Started Update UTMP about System Boot/Shutdown.
[[0;32m  OK  [0m] Started Commit a transient machine-id on disk.
[[0;32m  OK  [0m] Started ebtables ruleset management.
[[0;32m  OK  [0m] Started AppArmor initialization.
         Starting Load AppArmor profiles managed internally by snapd...
         Starting Initial cloud-init job (pre-networking)...
[[0;32m  OK  [0m] Started Load AppArmor profiles managed internally by snapd.
[[0;32m  OK  [0m] Started Set console font and keymap.
[    6.619835] cloud-init[735]: Cloud-init v. 23.1.2-0ubuntu0~18.04.1 running 'init-local' at Fri, 16 Feb 2024 09:51:40 +0000. Up 6.41 seconds.
[[0;32m  OK  [0m] Started Initial cloud-init job (pre-networking).
[[0;32m  OK  [0m] Reached target Network (Pre).
         Starting Network Service...
[[0;32m  OK  [0m] Started Network Service.
         Starting Network Name Resolution...
         Starting Wait for Network to be Configured...
[[0;32m  OK  [0m] Started Network Name Resolution.
[[0;32m  OK  [0m] Reached target Network.
[[0;32m  OK  [0m] Reached target Host and Network Name Lookups.
[[0;32m  OK  [0m] Started Wait for Network to be Configured.
         Starting Initial cloud-init job (metadata service crawler)...
[    9.034830] cloud-init[1034]: Cloud-init v. 23.1.2-0ubuntu0~18.04.1 running 'init' at Fri, 16 Feb 2024 09:51:42 +0000. Up 8.94 seconds.
[    9.036823] cloud-init[1034]: ci-info: ++++++++++++++++++++++++++++++++++++++Net device info+++++++++++++++++++++++++++++++++++++++
[    9.037996] cloud-init[1034]: ci-info: +--------+-------+----------------------------+---------------+--------+-------------------+
[    9.039445] cloud-init[1034]: ci-info: | Device |   Up  |          Address           |      Mask     | Scope  |     Hw-Address    |
[    9.040564] cloud-init[1034]: ci-info: +--------+-------+----------------------------+---------------+--------+-------------------+
[    9.041713] cloud-init[1034]: ci-info: | enp0s3 |  True |         10.0.2.15          | 255.255.255.0 | global | 02:3b:7b:b7:3b:2d |
[    9.042864] cloud-init[1034]: ci-info: | enp0s3 |  True | fe80::3b:7bff:feb7:3b2d/64 |       .       |  link  | 02:3b:7b:b7:3b:2d |
[    9.043993] cloud-init[1034]: ci-info: | enp0s8 | False |             .              |       .       |   .    | 08:00:27:87:1a:6b |
[    9.045150] cloud-init[1034]: ci-info: |   lo   |  True |         127.0.0.1          |   255.0.0.0   |  host  |         .         |
[    9.046285] cloud-init[1034]: ci-info: |   lo   |  True |          ::1/128           |       .       |  host  |         .         |
[    9.047462] cloud-init[1034]: ci-info: +--------+-------+----------------------------+---------------+--------+-------------------+
[    9.048641] cloud-init[1034]: ci-info: ++++++++++++++++++++++++++++Route IPv4 info+++++++++++++++++++++++++++++
[    9.049640] cloud-init[1034]: ci-info: +-------+-------------+----------+-----------------+-----------+-------+
[    9.050637] cloud-init[1034]: ci-info: | Route | Destination | Gateway  |     Genmask     | Interface | Flags |
[    9.051702] cloud-init[1034]: ci-info: +-------+-------------+----------+-----------------+-----------+-------+
[    9.052748] cloud-init[1034]: ci-info: |   0   |   0.0.0.0   | 10.0.2.2 |     0.0.0.0     |   enp0s3  |   UG  |
[    9.053793] cloud-init[1034]: ci-info: |   1   |   10.0.2.0  | 0.0.0.0  |  255.255.255.0  |   enp0s3  |   U   |
[    9.054783] cloud-init[1034]: ci-info: |   2   |   10.0.2.2  | 0.0.0.0  | 255.255.255.255 |   enp0s3  |   UH  |
[    9.055809] cloud-init[1034]: ci-info: +-------+-------------+----------+-----------------+-----------+-------+
[    9.056850] cloud-init[1034]: ci-info: +++++++++++++++++++Route IPv6 info+++++++++++++++++++
[    9.057713] cloud-init[1034]: ci-info: +-------+-------------+---------+-----------+-------+
[    9.058575] cloud-init[1034]: ci-info: | Route | Destination | Gateway | Interface | Flags |
[    9.059467] cloud-init[1034]: ci-info: +-------+-------------+---------+-----------+-------+
[    9.060366] cloud-init[1034]: ci-info: |   1   |  fe80::/64  |    ::   |   enp0s3  |   U   |
[    9.061241] cloud-init[1034]: ci-info: |   3   |    local    |    ::   |   enp0s3  |   U   |
[    9.062135] cloud-init[1034]: ci-info: |   4   |   ff00::/8  |    ::   |   enp0s3  |   U   |
[    9.062997] cloud-init[1034]: ci-info: +-------+-------------+---------+-----------+-------+
[    9.779389] cloud-init[1034]: Generating public/private rsa key pair.
[    9.779886] cloud-init[1034]: Your identification has been saved in /etc/ssh/ssh_host_rsa_key.
[    9.780575] cloud-init[1034]: Your public key has been saved in /etc/ssh/ssh_host_rsa_key.pub.
[    9.781234] cloud-init[1034]: The key fingerprint is:
[    9.781928] cloud-init[1034]: SHA256:iuHlpqmtbKM2LFX4ERr3VKl7jIfUgp8vZ++C5AEDBbE root@ubuntu-bionic
[    9.782946] cloud-init[1034]: The key's randomart image is:
[    9.783752] cloud-init[1034]: +---[RSA 2048]----+
[    9.784525] cloud-init[1034]: |  o+.  ...       |
[    9.785278] cloud-init[1034]: |  o.o . .        |
[    9.785726] cloud-init[1034]: |  E* = o         |
[    9.786156] cloud-init[1034]: |  o * = .        |
[    9.786590] cloud-init[1034]: |   o.*.BS        |
[    9.787029] cloud-init[1034]: |  ...=O.+        |
[    9.787387] cloud-init[1034]: |..  oo+*         |
[    9.787829] cloud-init[1034]: |.=o. ++ =        |
[    9.788321] cloud-init[1034]: |+o=++  + +o      |
[    9.788751] cloud-init[1034]: +----[SHA256]-----+
[    9.789196] cloud-init[1034]: Generating public/private dsa key pair.
[    9.800345] cloud-init[1034]: Your identification has been saved in /etc/ssh/ssh_host_dsa_key.
[    9.800977] cloud-init[1034]: Your public key has been saved in /etc/ssh/ssh_host_dsa_key.pub.
[    9.801765] cloud-init[1034]: The key fingerprint is:
[    9.802266] cloud-init[1034]: SHA256:3wgo4jTxFMrXHIG9B88iLFPc1+q112/6Ne4EQHf5Kcw root@ubuntu-bionic
[    9.802958] cloud-init[1034]: The key's randomart image is:
[    9.803434] cloud-init[1034]: +---[DSA 1024]----+
[    9.803862] cloud-init[1034]: |   ..+o. . . . ..|
[    9.804326] cloud-init[1034]: | . .+++.. o . .. |
[    9.804752] cloud-init[1034]: |  +oo o* . .o   o|
[    9.805194] cloud-init[1034]: |  o=o o.= . .E ..|
[    9.805622] cloud-init[1034]: |  +oo..+S. . o.  |
[    9.806047] cloud-init[1034]: | o o .  .o.o. o  |
[    9.806474] cloud-init[1034]: |  .       o..  +.|
[    9.806901] cloud-init[1034]: |              o =|
[    9.807327] cloud-init[1034]: |              o*.|
[    9.807753] cloud-init[1034]: +----[SHA256]-----+
[    9.808237] cloud-init[1034]: Generating public/private ecdsa key pair.
[    9.808808] cloud-init[1034]: Your identification has been saved in /etc/ssh/ssh_host_ecdsa_key.
[    9.809532] cloud-init[1034]: Your public key has been saved in /etc/ssh/ssh_host_ecdsa_key.pub.
[    9.810222] cloud-init[1034]: The key fingerprint is:
[    9.810673] cloud-init[1034]: SHA256:UkZQIomk/v13eXI3KW9/YI9pQXreXz/IKAfGjlaJdwk root@ubuntu-bionic
[    9.811346] cloud-init[1034]: The key's randomart image is:
[    9.811818] cloud-init[1034]: +---[ECDSA 256]---+
[    9.812267] cloud-init[1034]: | .....ooo        |
[    9.812690] cloud-init[1034]: | .. .. o         |
[    9.813208] cloud-init[1034]: |.       o        |
[    9.813643] cloud-init[1034]: |.      o E    .  |
[    9.814065] cloud-init[1034]: | .    . S o .o   |
[    9.814486] cloud-init[1034]: |  . .  o B o. =  |
[    9.814919] cloud-init[1034]: |   . .  * o ++.Bo|
[    9.815353] cloud-init[1034]: |      .o + * *=**|
[    9.815782] cloud-init[1034]: |      ... + +.=.X|
[    9.816249] cloud-init[1034]: +----[SHA256]-----+
[    9.816675] cloud-init[1034]: Generating public/private ed25519 key pair.
[    9.817239] cloud-init[1034]: Your identification has been saved in /etc/ssh/ssh_host_ed25519_key.
[    9.817921] cloud-init[1034]: Your public key has been saved in /etc/ssh/ssh_host_ed25519_key.pub.
[    9.818609] cloud-init[1034]: The key fingerprint is:
[    9.819060] cloud-init[1034]: SHA256:FAU2/peATKjQYgevTeZdbYQfE4H1yl7oAp8ECIz72q0 root@ubuntu-bionic
[    9.819744] cloud-init[1034]: The key's randomart image is:
[    9.820239] cloud-init[1034]: +--[ED25519 256]--+
[    9.820663] cloud-init[1034]: | ooo   .***o     |
[    9.821107] cloud-init[1034]: |. =oo..=o*o.     |
[    9.821545] cloud-init[1034]: | o +=.. *.+o.    |
[    9.821998] cloud-init[1034]: |.  *.. + +.+ .   |
[    9.822428] cloud-init[1034]: | .. o o S = +    |
[    9.822854] cloud-init[1034]: |  .    + + o     |
[    9.823280] cloud-init[1034]: | o .    + o      |
[    9.823839] cloud-init[1034]: |. . .    .       |
[    9.824320] [[0;32m  OK  [0m] Started Initial cloud-init job (metadata service crawler).
[[0;32m  OK  [0m] Reached target Network is Online.
cloud-init[1034]: |  E.             |
[    9.825483] cloud-init[1034]: +----[SHA256]-----+
         Starting Availability of block devices...
[[0;32m  OK  [0m] Reached target Remote File Systems (Pre).
[[0;32m  OK  [0m] Reached target Remote File Systems.
[[0;32m  OK  [0m] Reached target System Initialization.
[[0;32m  OK  [0m] Started Daily Cleanup of Temporary Directories.
[[0;32m  OK  [0m] Listening on ACPID Listen Socket.
[[0;32m  OK  [0m] Started Ubuntu Advantage Timer for running repeated jobs.
         Starting Socket activation for snappy daemon.
[[0;32m  OK  [0m] Started Discard unused blocks once a week.
[[0;32m  OK  [0m] Listening on D-Bus System Message Bus Socket.
[[0;32m  OK  [0m] Listening on Open-iSCSI iscsid Socket.
[[0;32m  OK  [0m] Started ACPI Events Check.
[[0;32m  OK  [0m] Reached target Paths.
[[0;32m  OK  [0m] Started Message of the Day.
[[0;32m  OK  [0m] Started Daily apt download activities.
[[0;32m  OK  [0m] Listening on UUID daemon activation socket.
         Starting LXD - unix socket.
[[0;32m  OK  [0m] Started Daily apt upgrade and clean activities.
[[0;32m  OK  [0m] Reached target Timers.
[[0;32m  OK  [0m] Listening on cloud-init hotplug hook socket.
[[0;32m  OK  [0m] Reached target Cloud-config availability.
[[0;32m  OK  [0m] Listening on Socket activation for snappy daemon.
[[0;32m  OK  [0m] Listening on LXD - unix socket.
[[0;32m  OK  [0m] Reached target Sockets.
[[0;32m  OK  [0m] Reached target Basic System.
[[0;32m  OK  [0m] Started Deferred execution scheduler.
         Starting LSB: Record successful boot for GRUB...
         Starting Login Service...
[[0;32m  OK  [0m] Reached target Login Prompts (Pre).
[[0;32m  OK  [0m] Started irqbalance daemon.
[[0;32m  OK  [0m] Started D-Bus System Message Bus.
[[0;32m  OK  [0m] Started Login Service.
[[0;32m  OK  [0m] Started Unattended Upgrades Shutdown.
         Starting Permit User Sessions...
         Starting Accounts Service...
[[0;32m  OK  [0m] Started Regular background program processing daemon.
         Starting Virtualbox guest utils...
[[0;32m  OK  [0m] Started FUSE filesystem for LXC.
         Starting Pollinate to seed the pseudo random number generator...
         Starting LSB: automatic crash report generation...
         Starting Dispatcher daemon for systemd-networkd...
         Starting LXD - container startup/shutdown...
         Starting System Logging Service...
         Starting Snap Daemon...
[[0;32m  OK  [0m] Started Availability of block devices.
[[0;32m  OK  [0m] Started Permit User Sessions.
         Starting Hold until boot process finishes up...
         Starting Terminate Plymouth Boot Screen...
[[0;32m  OK  [0m] Started Hold until boot process finishes up.
         Starting Set console scheme...
[[0;32m  OK  [0m] Started Serial Getty on ttyS0.
[[0;32m  OK  [0m] Started Terminate Plymouth Boot Screen.
[[0;32m  OK  [0m] Started LSB: automatic crash report generation.
[[0;32m  OK  [0m] Started System Logging Service.
[[0;32m  OK  [0m] Started Set console scheme.
[[0;32m  OK  [0m] Created slice system-getty.slice.
[[0;32m  OK  [0m] Started Getty on tty1.
[[0;32m  OK  [0m] Reached target Login Prompts.
         Starting Authorization Manager...
[[0;32m  OK  [0m] Started Authorization Manager.
[[0;32m  OK  [0m] Started Accounts Service.
[[0;32m  OK  [0m] Started Virtualbox guest utils.
[[0;32m  OK  [0m] Started LSB: Record successful boot for GRUB.
[[0;32m  OK  [0m] Started LXD - container startup/shutdown.
[[0;32m  OK  [0m] Started Dispatcher daemon for systemd-networkd.
[[0;32m  OK  [0m] Started Snap Daemon.
         Starting Wait until snapd is fully seeded...
         Starting Time & Date Service...
[[0;32m  OK  [0m] Started Time & Date Service.
[[0;32m  OK  [0m] Started Wait until snapd is fully seeded.
         Starting Apply the settings specified in cloud-config...
[[0;32m  OK  [0m] Started Pollinate to seed the pseudo random number generator.
         Starting OpenBSD Secure Shell server...
[[0;32m  OK  [0m] Started OpenBSD Secure Shell server.
[   11.807667] cloud-init[1560]: Cloud-init v. 23.1.2-0ubuntu0~18.04.1 running 'modules:config' at Fri, 16 Feb 2024 09:51:45 +0000. Up 11.55 seconds.
[[0;32m  OK  [0m] Started Apply the settings specified in cloud-config.
[[0;32m  OK  [0m] Reached target Multi-User System.
[[0;32m  OK  [0m] Reached target Graphical Interface.
         Starting Update UTMP about System Runlevel Changes...
         Starting Execute cloud user/final scripts...
[[0;32m  OK  [0m] Started Update UTMP about System Runlevel Changes.
ci-info: no authorized SSH keys fingerprints found for user ubuntu.
<14>Feb 16 09:51:46 cloud-init: #############################################################
<14>Feb 16 09:51:46 cloud-init: -----BEGIN SSH HOST KEY FINGERPRINTS-----
<14>Feb 16 09:51:46 cloud-init: 1024 SHA256:3wgo4jTxFMrXHIG9B88iLFPc1+q112/6Ne4EQHf5Kcw root@ubuntu-bionic (DSA)
<14>Feb 16 09:51:46 cloud-init: 256 SHA256:UkZQIomk/v13eXI3KW9/YI9pQXreXz/IKAfGjlaJdwk root@ubuntu-bionic (ECDSA)
<14>Feb 16 09:51:46 cloud-init: 256 SHA256:FAU2/peATKjQYgevTeZdbYQfE4H1yl7oAp8ECIz72q0 root@ubuntu-bionic (ED25519)
<14>Feb 16 09:51:46 cloud-init: 2048 SHA256:iuHlpqmtbKM2LFX4ERr3VKl7jIfUgp8vZ++C5AEDBbE root@ubuntu-bionic (RSA)
<14>Feb 16 09:51:46 cloud-init: -----END SSH HOST KEY FINGERPRINTS-----
<14>Feb 16 09:51:46 cloud-init: #############################################################
-----BEGIN SSH HOST KEY KEYS-----
ecdsa-sha2-nistp256 AAAAE2VjZHNhLXNoYTItbmlzdHAyNTYAAAAIbmlzdHAyNTYAAABBBEKBXKEmPXMhPMaoslkyyTT6w+VAjWDL1tsJ7hLB/tOyr//NMFBPRDg3FQ25N0K4KcINQA7k1lcA+/4hKkH/bk8= root@ubuntu-bionic
ssh-ed25519 AAAAC3NzaC1lZDI1NTE5AAAAIA0xW/+zDP/TG3mK4jgJayfIDZ7rx1e8y0qi/mKT93up root@ubuntu-bionic
ssh-rsa AAAAB3NzaC1yc2EAAAADAQABAAABAQDMqlEGJZUsdx0MK9yVQU0N3sptt9kiEpLqqivLoo/0aPKvY4sW0iO0XpOQ1/yWlNu2VPK7WJH7N0Hi8QGRt970OuuZYgn0yq/2wsCo2ROSOFNtHPh7uiJoAVjQOj9USFH7YVPXIVHzuUucOZBLRRGUI/02JQaxa8divYBF6ndSX/gNyQj4+3xYPuKuq2t3nSNhyWHkSJrcxqugxMrfnqvQxTfHvDU/RokuESCLjfc6XN+FyLxCSYNB5ooxcKRXbiR2JeDRChp6s94KawrHofLyfjRjpFlVw9E/mUO31EeyVRr0E+/m5kDPOiWjp/GWmwM9eoCSWrwZs8z++mEvrWYT root@ubuntu-bionic
-----END SSH HOST KEY KEYS-----
[   12.235109] cloud-init[1639]: Cloud-init v. 23.1.2-0ubuntu0~18.04.1 running 'modules:final' at Fri, 16 Feb 2024 09:51:46 +0000. Up 12.08 seconds.
[   12.236158] cloud-init[1639]: Cloud-init v. 23.1.2-0ubuntu0~18.04.1 finished at Fri, 16 Feb 2024 09:51:46 +0000. Datasource DataSourceNoCloud [seed=/dev/sdb][dsmode=net].  Up 12.23 seconds
[[0;32m  OK  [0m] Created slice User Slice of vagrant.
         Starting User Manager for UID 1000...
[[0;32m  OK  [0m] Started Session 1 of user vagrant.
[[0;32m  OK  [0m] Started Execute cloud user/final scripts.
[[0;32m  OK  [0m] Reached target Cloud-init target.
[[0;32m  OK  [0m] Started User Manager for UID 1000.

Ubuntu 18.04.6 LTS ubuntu-bionic ttyS0

ubuntu-bionic login: 