[    0.000000] Linux version 4.15.0-212-generic (buildd@lcy02-amd64-083) (gcc version 7.5.0 (Ubuntu 7.5.0-3ubuntu1~18.04)) #223-Ubuntu SMP Tue May 23 13:09:22 UTC 2023 (Ubuntu 4.15.0-212.223-generic 4.15.18)
[    0.000000] Command line: BOOT_IMAGE=/boot/vmlinuz-4.15.0-212-generic root=LABEL=cloudimg-rootfs ro console=tty1 console=ttyS0
[    0.000000] KERNEL supported cpus:
[    0.000000]   Intel GenuineIntel
[    0.000000]   AMD AuthenticAMD
[    0.000000]   Centaur CentaurHauls
[    0.000000] x86/fpu: Supporting XSAVE feature 0x001: 'x87 floating point registers'
[    0.000000] x86/fpu: Supporting XSAVE feature 0x002: 'SSE registers'
[    0.000000] x86/fpu: Supporting XSAVE feature 0x004: 'AVX registers'
[    0.000000] x86/fpu: xstate_offset[2]:  576, xstate_sizes[2]:  256
[    0.000000] x86/fpu: Enabled xstate features 0x7, context size is 832 bytes, using 'standard' format.
[    0.000000] e820: BIOS-provided physical RAM map:
[    0.000000] BIOS-e820: [mem 0x0000000000000000-0x000000000009fbff] usable
[    0.000000] BIOS-e820: [mem 0x000000000009fc00-0x000000000009ffff] reserved
[    0.000000] BIOS-e820: [mem 0x00000000000f0000-0x00000000000fffff] reserved
[    0.000000] BIOS-e820: [mem 0x0000000000100000-0x000000003ffeffff] usable
[    0.000000] BIOS-e820: [mem 0x000000003fff0000-0x000000003fffffff] ACPI data
[    0.000000] BIOS-e820: [mem 0x00000000fec00000-0x00000000fec00fff] reserved
[    0.000000] BIOS-e820: [mem 0x00000000fee00000-0x00000000fee00fff] reserved
[    0.000000] BIOS-e820: [mem 0x00000000fffc0000-0x00000000ffffffff] reserved
[    0.000000] NX (Execute Disable) protection: active
[    0.000000] SMBIOS 2.5 present.
[    0.000000] DMI: innotek GmbH VirtualBox/VirtualBox, BIOS VirtualBox 12/01/2006
[    0.000000] Hypervisor detected: KVM
[    0.000000] e820: last_pfn = 0x3fff0 max_arch_pfn = 0x400000000
[    0.000000] MTRR: Disabled
[    0.000000] x86/PAT: MTRRs disabled, skipping PAT initialization too.
[    0.000000] CPU MTRRs all blank - virtualized system.
[    0.000000] x86/PAT: Configuration [0-7]: WB  WT  UC- UC  WB  WT  UC- UC  
[    0.000000] found SMP MP-table at [mem 0x0009fff0-0x0009ffff]
[    0.000000] Scanning 1 areas for low memory corruption
[    0.000000] RAMDISK: [mem 0x359cb000-0x36cdcfff]
[    0.000000] ACPI: Early table checksum verification disabled
[    0.000000] ACPI: RSDP 0x00000000000E0000 000024 (v02 VBOX  )
[    0.000000] ACPI: XSDT 0x000000003FFF0030 00003C (v01 VBOX   VBOXXSDT 00000001 ASL  00000061)
[    0.000000] ACPI: FACP 0x000000003FFF00F0 0000F4 (v04 VBOX   VBOXFACP 00000001 ASL  00000061)
[    0.000000] ACPI: DSDT 0x000000003FFF0470 002325 (v02 VBOX   VBOXBIOS 00000002 INTL 20200925)
[    0.000000] ACPI: FACS 0x000000003FFF0200 000040
[    0.000000] ACPI: FACS 0x000000003FFF0200 000040
[    0.000000] ACPI: APIC 0x000000003FFF0240 00005C (v02 VBOX   VBOXAPIC 00000001 ASL  00000061)
[    0.000000] ACPI: SSDT 0x000000003FFF02A0 0001CC (v01 VBOX   VBOXCPUT 00000002 INTL 20200925)
[    0.000000] ACPI: Reserving FACP table memory at [mem 0x3fff00f0-0x3fff01e3]
[    0.000000] ACPI: Reserving DSDT table memory at [mem 0x3fff0470-0x3fff2794]
[    0.000000] ACPI: Reserving FACS table memory at [mem 0x3fff0200-0x3fff023f]
[    0.000000] ACPI: Reserving FACS table memory at [mem 0x3fff0200-0x3fff023f]
[    0.000000] ACPI: Reserving APIC table memory at [mem 0x3fff0240-0x3fff029b]
[    0.000000] ACPI: Reserving SSDT table memory at [mem 0x3fff02a0-0x3fff046b]
[    0.000000] No NUMA configuration found
[    0.000000] Faking a node at [mem 0x0000000000000000-0x000000003ffeffff]
[    0.000000] NODE_DATA(0) allocated [mem 0x3ffc5000-0x3ffeffff]
[    0.000000] kvm-clock: cpu 0, msr 0:3ff44001, primary cpu clock
[    0.000000] kvm-clock: Using msrs 4b564d01 and 4b564d00
[    0.000000] kvm-clock: using sched offset of 3145068081 cycles
[    0.000000] clocksource: kvm-clock: mask: 0xffffffffffffffff max_cycles: 0x1cd42e4dffb, max_idle_ns: 881590591483 ns
[    0.000000] Zone ranges:
[    0.000000]   DMA      [mem 0x0000000000001000-0x0000000000ffffff]
[    0.000000]   DMA32    [mem 0x0000000001000000-0x000000003ffeffff]
[    0.000000]   Normal   empty
[    0.000000]   Device   empty
[    0.000000] Movable zone start for each node
[    0.000000] Early memory node ranges
[    0.000000]   node   0: [mem 0x0000000000001000-0x000000000009efff]
[    0.000000]   node   0: [mem 0x0000000000100000-0x000000003ffeffff]
[    0.000000] Reserved but unavailable: 104 pages
[    0.000000] Initmem setup node 0 [mem 0x0000000000001000-0x000000003ffeffff]
[    0.000000] ACPI: PM-Timer IO Port: 0x4008
[    0.000000] IOAPIC[0]: apic_id 2, version 32, address 0xfec00000, GSI 0-23
[    0.000000] ACPI: INT_SRC_OVR (bus 0 bus_irq 0 global_irq 2 dfl dfl)
[    0.000000] ACPI: INT_SRC_OVR (bus 0 bus_irq 9 global_irq 9 low level)
[    0.000000] Using ACPI (MADT) for SMP configuration information
[    0.000000] smpboot: Allowing 2 CPUs, 0 hotplug CPUs
[    0.000000] PM: Registered nosave memory: [mem 0x00000000-0x00000fff]
[    0.000000] PM: Registered nosave memory: [mem 0x0009f000-0x0009ffff]
[    0.000000] PM: Registered nosave memory: [mem 0x000a0000-0x000effff]
[    0.000000] PM: Registered nosave memory: [mem 0x000f0000-0x000fffff]
[    0.000000] e820: [mem 0x40000000-0xfebfffff] available for PCI devices
[    0.000000] Booting paravirtualized kernel on KVM
[    0.000000] clocksource: refined-jiffies: mask: 0xffffffff max_cycles: 0xffffffff, max_idle_ns: 7645519600211568 ns
[    0.000000] setup_percpu: NR_CPUS:8192 nr_cpumask_bits:2 nr_cpu_ids:2 nr_node_ids:1
[    0.000000] percpu: Embedded 50 pages/cpu s167936 r8192 d28672 u1048576
[    0.000000] PV qspinlock hash table entries: 256 (order: 0, 4096 bytes)
[    0.000000] Built 1 zonelists, mobility grouping on.  Total pages: 257913
[    0.000000] Policy zone: DMA32
[    0.000000] Kernel command line: BOOT_IMAGE=/boot/vmlinuz-4.15.0-212-generic root=LABEL=cloudimg-rootfs ro console=tty1 console=ttyS0
[    0.000000] Memory: 982644K/1048120K available (12300K kernel code, 2477K rwdata, 4324K rodata, 2480K init, 2720K bss, 65476K reserved, 0K cma-reserved)
[    0.000000] SLUB: HWalign=64, Order=0-3, MinObjects=0, CPUs=2, Nodes=1
[    0.000000] Kernel/User page tables isolation: enabled
[    0.000000] ftrace: allocating 39508 entries in 155 pages
[    0.004000] Hierarchical RCU implementation.
[    0.004000] 	RCU restricting CPUs from NR_CPUS=8192 to nr_cpu_ids=2.
[    0.004000] 	Tasks RCU enabled.
[    0.004000] RCU: Adjusting geometry for rcu_fanout_leaf=16, nr_cpu_ids=2
[    0.004000] NR_IRQS: 524544, nr_irqs: 440, preallocated irqs: 16
[    0.004000] random: crng init done
[    0.004000] Console: colour VGA+ 80x25
[    0.004000] console [tty1] enabled
[    0.004000] console [ttyS0] enabled
[    0.004000] ACPI: Core revision 20170831
[    0.004000] ACPI: 2 ACPI AML tables successfully acquired and loaded
[    0.004000] APIC: Switch to symmetric I/O mode setup
[    0.004000] x2apic enabled
[    0.004000] Switched APIC routing to physical x2apic.
[    0.004000] ..TIMER: vector=0x30 apic1=0 pin1=2 apic2=-1 pin2=-1
[    0.004000] tsc: Detected 2419.200 MHz processor
[    0.004011] Calibrating delay loop (skipped) preset value.. 4838.40 BogoMIPS (lpj=9676800)
[    0.005046] pid_max: default: 32768 minimum: 301
[    0.005640] Security Framework initialized
[    0.006160] Yama: becoming mindful.
[    0.006631] AppArmor: AppArmor initialized
[    0.008026] Dentry cache hash table entries: 131072 (order: 8, 1048576 bytes)
[    0.008878] Inode-cache hash table entries: 65536 (order: 7, 524288 bytes)
[    0.009627] Mount-cache hash table entries: 2048 (order: 2, 16384 bytes)
[    0.010406] Mountpoint-cache hash table entries: 2048 (order: 2, 16384 bytes)
[    0.011480] Last level iTLB entries: 4KB 0, 2MB 0, 4MB 0
[    0.012000] Last level dTLB entries: 4KB 0, 2MB 0, 4MB 0, 1GB 0
[    0.012004] Spectre V1 : Mitigation: usercopy/swapgs barriers and __user pointer sanitization
[    0.012997] Spectre V2 : Mitigation: Retpolines
[    0.013545] Spectre V2 : Spectre v2 / SpectreRSB mitigation: Filling RSB on context switch
[    0.014517] Spectre V2 : Spectre v2 / SpectreRSB : Filling RSB on VMEXIT
[    0.015320] Speculative Store Bypass: Vulnerable
[    0.016039] MDS: Mitigation: Clear CPU buffers
[    0.016722] Freeing SMP alternatives memory: 36K
[    0.124329] smpboot: CPU0: 11th Gen Intel(R) Core(TM) i5-1135G7 @ 2.40GHz (family: 0x6, model: 0x8c, stepping: 0x1)
[    0.126069] Performance Events: unsupported p6 CPU model 140 no PMU driver, software events only.
[    0.127018] Hierarchical SRCU implementation.
[    0.127931] NMI watchdog: Perf event create on CPU 0 failed with -2
[    0.128001] NMI watchdog: Perf NMI watchdog permanently disabled
[    0.128652] smp: Bringing up secondary CPUs ...
[    0.129183] x86: Booting SMP configuration:
[    0.129629] .... node  #0, CPUs:      #1
[    0.004000] kvm-clock: cpu 1, msr 0:3ff44041, secondary cpu clock
[    0.132015] smp: Brought up 1 node, 2 CPUs
[    0.132484] smpboot: Max logical packages: 1
[    0.132938] smpboot: Total of 2 processors activated (9676.80 BogoMIPS)
[    0.133803] devtmpfs: initialized
[    0.133803] x86/mm: Memory block size: 128MB
[    0.136019] evm: security.selinux
[    0.136384] evm: security.SMACK64
[    0.136750] evm: security.SMACK64EXEC
[    0.137145] evm: security.SMACK64TRANSMUTE
[    0.137577] evm: security.SMACK64MMAP
[    0.137971] evm: security.apparmor
[    0.138342] evm: security.ima
[    0.138677] evm: security.capability
[    0.139079] clocksource: jiffies: mask: 0xffffffff max_cycles: 0xffffffff, max_idle_ns: 7645041785100000 ns
[    0.140005] futex hash table entries: 512 (order: 3, 32768 bytes)
[    0.140668] pinctrl core: initialized pinctrl subsystem
[    0.141811] RTC time: 17:29:35, date: 03/01/24
[    0.142415] NET: Registered protocol family 16
[    0.142935] audit: initializing netlink subsys (disabled)
[    0.143508] audit: type=2000 audit(1709314179.485:1): state=initialized audit_enabled=0 res=1
[    0.144006] cpuidle: using governor ladder
[    0.144470] cpuidle: using governor menu
[    0.144910] ACPI: bus type PCI registered
[    0.145339] acpiphp: ACPI Hot Plug PCI Controller Driver version: 0.5
[    0.146033] PCI: Using configuration type 1 for base access
[    0.148233] HugeTLB registered 2.00 MiB page size, pre-allocated 0 pages
[    0.148718] ACPI: Added _OSI(Module Device)
[    0.148718] ACPI: Added _OSI(Processor Device)
[    0.148949] ACPI: Added _OSI(3.0 _SCP Extensions)
[    0.149433] ACPI: Added _OSI(Processor Aggregator Device)
[    0.149978] ACPI: Added _OSI(Linux-Dell-Video)
[    0.150447] ACPI: Added _OSI(Linux-Lenovo-NV-HDMI-Audio)
[    0.152002] ACPI: Added _OSI(Linux-HPI-Hybrid-Graphics)
[    0.152715] ACPI: Executed 1 blocks of module-level executable AML code
[    0.155547] ACPI: Interpreter enabled
[    0.156009] ACPI: (supports S0 S5)
[    0.156379] ACPI: Using IOAPIC for interrupt routing
[    0.157038] PCI: Using host bridge windows from ACPI; if necessary, use "pci=nocrs" and report a bug
[    0.158080] ACPI: Enabled 2 GPEs in block 00 to 07
[    0.162351] ACPI: PCI Root Bridge [PCI0] (domain 0000 [bus 00-ff])
[    0.163026] acpi PNP0A03:00: _OSC: OS supports [ASPM ClockPM Segments MSI]
[    0.164000] acpi PNP0A03:00: _OSC: not requesting OS control; OS requires [ExtendedConfig ASPM ClockPM MSI]
[    0.164006] acpi PNP0A03:00: fail to add MMCONFIG information, can't access extended PCI configuration space under this bridge.
[    0.165340] PCI host bridge to bus 0000:00
[    0.165805] pci_bus 0000:00: root bus resource [io  0x0000-0x0cf7 window]
[    0.166474] pci_bus 0000:00: root bus resource [io  0x0d00-0xffff window]
[    0.168002] pci_bus 0000:00: root bus resource [mem 0x000a0000-0x000bffff window]
[    0.168779] pci_bus 0000:00: root bus resource [mem 0x40000000-0xfdffffff window]
[    0.169930] pci_bus 0000:00: root bus resource [bus 00-ff]
[    0.171588] pci 0000:00:01.1: legacy IDE quirk: reg 0x10: [io  0x01f0-0x01f7]
[    0.172001] pci 0000:00:01.1: legacy IDE quirk: reg 0x14: [io  0x03f6]
[    0.172657] pci 0000:00:01.1: legacy IDE quirk: reg 0x18: [io  0x0170-0x0177]
[    0.173371] pci 0000:00:01.1: legacy IDE quirk: reg 0x1c: [io  0x0376]
[    0.182442] pci 0000:00:07.0: quirk: [io  0x4000-0x403f] claimed by PIIX4 ACPI
[    0.183279] pci 0000:00:07.0: quirk: [io  0x4100-0x410f] claimed by PIIX4 SMB
[    0.191258] ACPI: PCI Interrupt Link [LNKA] (IRQs 5 9 10 *11)
[    0.192102] ACPI: PCI Interrupt Link [LNKB] (IRQs 5 9 *10 11)
[    0.192784] ACPI: PCI Interrupt Link [LNKC] (IRQs 5 *9 10 11)
[    0.193472] ACPI: PCI Interrupt Link [LNKD] (IRQs 5 9 10 *11)
[    0.194327] SCSI subsystem initialized
[    0.194771] pci 0000:00:02.0: vgaarb: setting as boot VGA device
[    0.194771] pci 0000:00:02.0: vgaarb: VGA device added: decodes=io+mem,owns=io+mem,locks=none
[    0.196006] pci 0000:00:02.0: vgaarb: bridge control possible
[    0.196588] vgaarb: loaded
[    0.196916] ACPI: bus type USB registered
[    0.197352] usbcore: registered new interface driver usbfs
[    0.197911] usbcore: registered new interface driver hub
[    0.198454] usbcore: registered new device driver usb
[    0.199000] EDAC MC: Ver: 3.0.0
[    0.200032] PCI: Using ACPI for IRQ routing
[    0.200672] NetLabel: Initializing
[    0.201048] NetLabel:  domain hash size = 128
[    0.201509] NetLabel:  protocols = UNLABELED CIPSOv4 CALIPSO
[    0.202099] NetLabel:  unlabeled traffic allowed by default
[    0.202675] clocksource: Switched to clocksource kvm-clock
[    0.208622] VFS: Disk quotas dquot_6.6.0
[    0.209136] VFS: Dquot-cache hash table entries: 512 (order 0, 4096 bytes)
[    0.209894] AppArmor: AppArmor Filesystem Enabled
[    0.210406] pnp: PnP ACPI init
[    0.211330] pnp: PnP ACPI: found 3 devices
[    0.218066] clocksource: acpi_pm: mask: 0xffffff max_cycles: 0xffffff, max_idle_ns: 2085701024 ns
[    0.219166] NET: Registered protocol family 2
[    0.219677] IP idents hash table entries: 16384 (order: 5, 131072 bytes)
[    0.221066] TCP established hash table entries: 8192 (order: 4, 65536 bytes)
[    0.221788] TCP bind hash table entries: 8192 (order: 5, 131072 bytes)
[    0.222446] TCP: Hash tables configured (established 8192 bind 8192)
[    0.223092] UDP hash table entries: 512 (order: 2, 16384 bytes)
[    0.223689] UDP-Lite hash table entries: 512 (order: 2, 16384 bytes)
[    0.224365] NET: Registered protocol family 1
[    0.224836] pci 0000:00:00.0: Limiting direct PCI/PCI transfers
[    0.225446] pci 0000:00:01.0: Activating ISA DMA hang workarounds
[    0.226084] pci 0000:00:02.0: Video device with shadowed ROM at [mem 0x000c0000-0x000dffff]
[    0.226993] Unpacking initramfs...
[    0.424256] Freeing initrd memory: 19528K
[    0.424824] clocksource: tsc: mask: 0xffffffffffffffff max_cycles: 0x22df1149949, max_idle_ns: 440795312789 ns
[    0.425843] platform rtc_cmos: registered platform RTC device (no PNP device found)
[    0.426629] Scanning for low memory corruption every 60 seconds
[    0.427624] Initialise system trusted keyrings
[    0.428118] Key type blacklist registered
[    0.428580] workingset: timestamp_bits=36 max_order=18 bucket_order=0
[    0.430409] zbud: loaded
[    0.431647] squashfs: version 4.0 (2009/01/31) Phillip Lougher
[    0.432901] fuse init (API version 7.26)
[    0.434255] Key type asymmetric registered
[    0.434706] Asymmetric key parser 'x509' registered
[    0.435243] Block layer SCSI generic (bsg) driver version 0.4 loaded (major 246)
[    0.436016] io scheduler noop registered
[    0.436475] io scheduler deadline registered
[    0.436955] io scheduler cfq registered (default)
[    0.437628] ACPI: AC Adapter [AC] (off-line)
[    0.438110] input: Power Button as /devices/LNXSYSTM:00/LNXPWRBN:00/input/input0
[    0.438895] ACPI: Power Button [PWRF]
[    0.439323] input: Sleep Button as /devices/LNXSYSTM:00/LNXSLPBN:00/input/input1
[    0.440097] ACPI: Sleep Button [SLPF]
[    0.441078] ACPI: Battery Slot [BAT0] (battery present)
[    0.441721] Serial: 8250/16550 driver, 32 ports, IRQ sharing enabled
[    0.462879] 00:02: ttyS0 at I/O 0x3f8 (irq = 4, base_baud = 115200) is a 16550A
[    0.465168] Linux agpgart interface v0.103
[    0.466935] loop: module loaded
[    0.467631] scsi host0: ata_piix
[    0.468124] scsi host1: ata_piix
[    0.468503] ata1: PATA max UDMA/33 cmd 0x1f0 ctl 0x3f6 bmdma 0xd000 irq 14
[    0.469184] ata2: PATA max UDMA/33 cmd 0x170 ctl 0x376 bmdma 0xd008 irq 15
[    0.469920] tun: Universal TUN/TAP device driver, 1.6
[    0.470494] PPP generic driver version 2.4.2
[    0.470990] ehci_hcd: USB 2.0 'Enhanced' Host Controller (EHCI) Driver
[    0.471641] ehci-pci: EHCI PCI platform driver
[    0.472120] ehci-platform: EHCI generic platform driver
[    0.472657] ohci_hcd: USB 1.1 'Open' Host Controller (OHCI) Driver
[    0.473401] ohci-pci: OHCI PCI platform driver
[    0.473866] ohci-platform: OHCI generic platform driver
[    0.474404] uhci_hcd: USB Universal Host Controller Interface driver
[    0.475070] i8042: PNP: PS/2 Controller [PNP0303:PS2K,PNP0f03:PS2M] at 0x60,0x64 irq 1,12
[    0.476247] serio: i8042 KBD port at 0x60,0x64 irq 1
[    0.476780] serio: i8042 AUX port at 0x60,0x64 irq 12
[    0.477391] mousedev: PS/2 mouse device common for all mice
[    0.478283] input: AT Translated Set 2 keyboard as /devices/platform/i8042/serio0/input/input2
[    0.479312] rtc_cmos rtc_cmos: rtc core: registered rtc_cmos as rtc0
[    0.479982] rtc_cmos rtc_cmos: alarms up to one day, 114 bytes nvram
[    0.480634] i2c /dev entries driver
[    0.481053] device-mapper: uevent: version 1.0.3
[    0.481608] device-mapper: ioctl: 4.37.0-ioctl (2017-09-20) initialised: dm-devel@redhat.com
[    0.482514] ledtrig-cpu: registered to indicate activity on CPUs
[    0.483404] NET: Registered protocol family 10
[    0.486279] Segment Routing with IPv6
[    0.486726] NET: Registered protocol family 17
[    0.487229] Key type dns_resolver registered
[    0.487886] mce: Using 0 MCE banks
[    0.488324] RAS: Correctable Errors collector initialized.
[    0.488901] sched_clock: Marking stable (488309782, 0)->(588336221, -100026439)
[    0.489932] registered taskstats version 1
[    0.490376] Loading compiled-in X.509 certificates
[    0.492538] Loaded X.509 cert 'Build time autogenerated kernel key: b5b26778eaa3ab3a4a6cee031137706e947d12ad'
[    0.494027] Loaded X.509 cert 'Canonical Ltd. Live Patch Signing: 14df34d1a87cf37625abec039ef2bf521249b969'
[    0.495450] Loaded X.509 cert 'Canonical Ltd. Kernel Module Signing: 88f752e560a1e0737e31163a466ad7b70a850c19'
[    0.496473] blacklist: Loading compiled-in revocation X.509 certificates
[    0.497155] Loaded X.509 cert 'Canonical Ltd. Secure Boot Signing: 61482aa2830d0ab2ad5af10b7250da9033ddcef0'
[    0.498136] Loaded X.509 cert 'Canonical Ltd. Secure Boot Signing (2017): 242ade75ac4a15e50d50c84b0d45ff3eae707a03'
[    0.499192] Loaded X.509 cert 'Canonical Ltd. Secure Boot Signing (ESM 2018): 365188c1d374d6b07c3c8f240f8ef722433d6a8b'
[    0.500270] Loaded X.509 cert 'Canonical Ltd. Secure Boot Signing (2019): c0746fd6c5da3ae827864651ad66ae47fe24b3e8'
[    0.501305] Loaded X.509 cert 'Canonical Ltd. Secure Boot Signing (2021 v1): a8d54bbb3825cfb94fa13c9f8a594a195c107b8d'
[    0.502360] Loaded X.509 cert 'Canonical Ltd. Secure Boot Signing (2021 v2): 4cf046892d6fd3c9a5b03f98d845f90851dc6a8c'
[    0.503432] Loaded X.509 cert 'Canonical Ltd. Secure Boot Signing (2021 v3): 100437bb6de6e469b581e61cd66bce3ef4ed53af'
[    0.504528] Loaded X.509 cert 'Canonical Ltd. Secure Boot Signing (Ubuntu Core 2019): c1d57b8f6b743f23ee41f4f7ee292f06eecadfb9'
[    0.505682] zswap: loaded using pool lzo/zbud
[    0.508533] Key type big_key registered
[    0.509004] Key type trusted registered
[    0.510587] Key type encrypted registered
[    0.511047] AppArmor: AppArmor sha1 policy hashing enabled
[    0.511615] ima: No TPM chip found, activating TPM-bypass! (rc=-19)
[    0.512273] ima: Allocated hash algorithm: sha1
[    0.512760] evm: HMAC attrs: 0x1
[    0.513303]   Magic number: 0:784:490
[    0.513787] rtc_cmos rtc_cmos: setting system clock to 2024-03-01 17:29:35 UTC (1709314175)
[    0.514734] BIOS EDD facility v0.16 2004-Jun-25, 0 devices found
[    0.515345] EDD information not available.
[    0.658488] Freeing unused kernel image memory: 2480K
[    0.753630] Write protecting the kernel read-only data: 20480k
[    0.757145] Freeing unused kernel image memory: 2008K
[    0.759199] Freeing unused kernel image memory: 1820K
[    0.763333] x86/mm: Checked W+X mappings: passed, no W+X pages found.
[    0.764007] x86/mm: Checking user space page tables
[    0.768034] x86/mm: Checked W+X mappings: passed, no W+X pages found.
Loading, please wait...
starting version 237
[    0.805655] e1000: Intel(R) PRO/1000 Network Driver - version 7.3.21-k8-NAPI
[    0.806552] e1000: Copyright (c) 1999-2006 Intel Corporation.
[    0.810830] Fusion MPT base driver 3.04.20
[    0.811348] Copyright (c) 1999-2008 LSI Corporation
[    0.814493] Fusion MPT SPI Host driver 3.04.20
[    0.824795] AVX2 version of gcm_enc/dec engaged.
[    0.825458] AES CTR mode by8 optimization enabled
[    1.033973] input: ImExPS/2 Generic Explorer Mouse as /devices/platform/i8042/serio1/input/input4
[    1.453257] e1000 0000:00:03.0 eth0: (PCI:33MHz:32-bit) 02:3b:7b:b7:3b:2d
[    1.455094] e1000 0000:00:03.0 eth0: Intel(R) PRO/1000 Network Connection
[    1.457648] mptbase: ioc0: Initiating bringup
[    2.437114] ioc0: LSI53C1030 A0: Capabilities={Initiator}
[    5.567816] scsi host2: ioc0: LSI53C1030 A0, FwRev=00000000h, Ports=1, MaxQ=256, IRQ=20
[    6.738280] scsi 2:0:0:0: Direct-Access     VBOX     HARDDISK         1.0  PQ: 0 ANSI: 5
[    8.153140] scsi target2:0:0: Beginning Domain Validation
[    8.193013] scsi target2:0:0: Domain Validation skipping write tests
[    8.193828] scsi target2:0:0: Ending Domain Validation
[    8.194506] scsi target2:0:0: asynchronous
[    8.206590] scsi 2:0:1:0: Direct-Access     VBOX     HARDDISK         1.0  PQ: 0 ANSI: 5
[    8.238238] scsi target2:0:1: Beginning Domain Validation
[    8.240831] scsi target2:0:1: Domain Validation skipping write tests
[    8.241515] scsi target2:0:1: Ending Domain Validation
[    8.242089] scsi target2:0:1: asynchronous
[    8.244535] sd 2:0:0:0: Attached scsi generic sg0 type 0
[    8.245110] sd 2:0:0:0: [sda] 83886080 512-byte logical blocks: (42.9 GB/40.0 GiB)
[    8.245984] sd 2:0:0:0: [sda] Write Protect is off
[    8.246575] sd 2:0:0:0: [sda] Incomplete mode parameter data
[    8.247189] sd 2:0:0:0: [sda] Assuming drive cache: write through
[    8.248299] sd 2:0:1:0: [sdb] 20480 512-byte logical blocks: (10.5 MB/10.0 MiB)
[    8.249122] sd 2:0:1:0: Attached scsi generic sg1 type 0
[    8.249735] sd 2:0:1:0: [sdb] Write Protect is off
[    8.250321] sd 2:0:1:0: [sdb] Incomplete mode parameter data
[    8.250925] sd 2:0:1:0: [sdb] Assuming drive cache: write through
[    8.256383]  sda: sda1
[    8.257031] sd 2:0:0:0: [sda] Attached SCSI disk
[    8.259789] sd 2:0:1:0: [sdb] Attached SCSI disk
[    8.449218] e1000 0000:00:08.0 eth1: (PCI:33MHz:32-bit) 08:00:27:d1:14:66
[    8.450195] e1000 0000:00:08.0 eth1: Intel(R) PRO/1000 Network Connection
[    9.164944] e1000 0000:00:09.0 eth2: (PCI:33MHz:32-bit) 08:00:27:cb:88:bf
[    9.167043] e1000 0000:00:09.0 eth2: Intel(R) PRO/1000 Network Connection
[    9.169522] e1000 0000:00:09.0 enp0s9: renamed from eth2
[    9.192378] e1000 0000:00:03.0 enp0s3: renamed from eth0
[    9.216171] e1000 0000:00:08.0 enp0s8: renamed from eth1
Begin: Loading essential drivers ... [   10.753291] raid6: sse2x1   gen() 15696 MB/s
[   10.808828] raid6: sse2x1   xor() 12210 MB/s
[   10.863978] raid6: sse2x2   gen() 27082 MB/s
[   10.919947] raid6: sse2x2   xor() 17483 MB/s
[   10.977057] raid6: sse2x4   gen() 28811 MB/s
[   11.027880] raid6: sse2x4   xor() 14690 MB/s
[   11.081169] raid6: avx2x1   gen() 38864 MB/s
[   11.129402] raid6: avx2x1   xor() 21300 MB/s
[   11.183883] raid6: avx2x2   gen() 50176 MB/s
[   11.237165] raid6: avx2x2   xor() 31279 MB/s
[   11.289151] raid6: avx2x4   gen() 47485 MB/s
[   11.341153] raid6: avx2x4   xor() 26491 MB/s
[   11.341732] raid6: using algorithm avx2x2 gen() 50176 MB/s
[   11.342298] raid6: .... xor() 31279 MB/s, rmw enabled
[   11.342819] raid6: using avx2x2 recovery algorithm
[   11.344459] xor: automatically using best checksumming function   avx       
[   11.346148] async_tx: api initialized (async)
done.
Begin: Running /scripts/init-premount ... done.
Begin: Mounting root file system ... Begin: Running /scripts/local-top ... done.
Begin: Running /scripts/local-premount ... [   11.378232] Btrfs loaded, crc32c=crc32c-intel
Scanning for Btrfs filesystems
done.
Warning: fsck not present, so skipping root file system
[   11.407172] EXT4-fs (sda1): mounted filesystem with ordered data mode. Opts: (null)
done.
Begin: Running /scripts/local-bottom ... done.
Begin: Running /scripts/init-bottom ... done.
[   11.550081] ip_tables: (C) 2000-2006 Netfilter Core Team
[   11.556572] systemd[1]: systemd 237 running in system mode. (+PAM +AUDIT +SELINUX +IMA +APPARMOR +SMACK +SYSVINIT +UTMP +LIBCRYPTSETUP +GCRYPT +GNUTLS +ACL +XZ +LZ4 +SECCOMP +BLKID +ELFUTILS +KMOD -IDN2 +IDN -PCRE2 default-hierarchy=hybrid)
[   11.558700] systemd[1]: Detected virtualization oracle.
[   11.559259] systemd[1]: Detected architecture x86-64.

Welcome to [1mUbuntu 18.04.6 LTS[0m!

[   11.562700] systemd[1]: Set hostname to <ubuntu>.
[   11.564283] systemd[1]: Initializing machine ID from random generator.
[   11.564979] systemd[1]: Installed transient /etc/machine-id file.
[   11.728158] systemd[1]: Reached target Mounting snaps.
[[0;32m  OK  [0m] Reached target Mounting snaps.
[   11.729178] systemd[1]: Reached target User and Group Name Lookups.
[[0;32m  OK  [0m] Reached target User and Group Name Lookups.
[   11.730306] systemd[1]: Reached target Mounted snaps.
[[0;32m  OK  [0m] Reached target Mounted snaps.
[   11.732183] systemd[1]: Created slice User and Session Slice.
[[0;32m  OK  [0m] Created slice User and Session Slice.
[[0;32m  OK  [0m] Created slice System Slice.
[[0;32m  OK  [0m] Listening on Journal Audit Socket.
[[0;32m  OK  [0m] Listening on udev Kernel Socket.
[[0;32m  OK  [0m] Listening on Journal Socket.
[[0;32m  OK  [0m] Listening on fsck to fsckd communication Socket.
         Mounting Huge Pages File System...
[[0;32m  OK  [0m] Listening on Network Service Netlink Socket.
         Starting Create list of required st…ce nodes for the current kernel...
         Starting Uncomplicated firewall...
[[0;32m  OK  [0m] Listening on LVM2 poll daemon socket.
[[0;32m  OK  [0m] Listening on Device-mapper event daemon FIFOs.
[[0;32m  OK  [0m] Listening on udev Control Socket.
[[0;32m  OK  [0m] Listening on Journal Socket (/dev/log).
[[0;32m  OK  [0m] Reached target Slices.
[[0;32m  OK  [0m] Reached target System Time Synchronized.
         Mounting Kernel Debug File System...
[[0;32m  OK  [0m] Reached target Swap.
         Starting File System Check on Root Device...
         Starting Set the console keyboard layout...
[[0;32m  OK  [0m] Set up automount Arbitrary Executab…rmats File System Automount Point.
         Starting udev Coldplug all Devices...
         Mounting POSIX Message Queue File System...
[[0;32m  OK  [0m] Started Forward Password Requests to Wall Directory Watch.
[[0;32m  OK  [0m] Created slice system-serial\x2dgetty.slice.
[[0;32m  OK  [0m] Listening on LVM2 metadata daemon socket.
         Starting Monitoring of LVM2 mirrors…ng dmeventd or progress polling...
         Starting Load Kernel Modules...
[[0;32m  OK  [0m] Listening on /dev/initctl Compatibility Named Pipe.
[[0;32m  OK  [0m] Listening on Syslog Socket.
         Starting Journal Service...
[[0;32m  OK  [0m] Mounted Huge Pages File System.
[[0;32m  OK  [0m] Started Create list of required sta…vice nodes for the current kernel.
[[0;32m  OK  [0m] Started Uncomplicated firewall.
[[0;32m  OK  [0m] Mounted Kernel Debug File System.
[[0;32m  OK  [0m] Mounted POSIX Message Queue File System.
[[0;32m  OK  [0m] Started File System Check Daemon to report status.
         Starting Create Static Device Nodes in /dev...
[[0;32m  OK  [0m] Started LVM2 metadata daemon.
[   11.810248] Loading iSCSI transport class v2.0-870.
[   11.814379] iscsi: registered transport (tcp)
[[0;32m  OK  [0m] Started udev Coldplug all Devices.
[[0;32m  OK  [0m] Started Journal Service.
[[0;32m  OK  [0m] Started File System Check on Root Device.
         Starting Remount Root and Kernel File Systems...
[[0;32m  OK  [0m] Started Create Static Device Nodes in /dev.
[   11.878618] iscsi: registered transport (iser)
[[0;32m  OK  [0m] Started Load Kernel Modules.
         Mounting Kernel Configuration File System...
         Starting Apply Kernel Variables...
         Mounting FUSE Control File System...
[[0;32m  OK  [0m] Mounted Kernel Configuration File System.
[[0;32m  OK  [0m] Mounted FUSE Control File System.
[[0;32m  OK  [0m] Started Remount Root and Kernel File Systems.
         Starting Load/Save Random Seed...
         Starting Flush Journal to Persistent Storage...
         Starting udev Kernel Device Manager...
[[0;32m  OK  [0m] Started Monitoring of LVM2 mirrors,…sing dmeventd or progress polling.
[[0;32m  OK  [0m] Started Apply Kernel Variables.
[[0;32m  OK  [0m] Started Load/Save Random Seed.
[[0;32m  OK  [0m] Started udev Kernel Device Manager.
[[0;32m  OK  [0m] Started Flush Journal to Persistent Storage.
[[0;32m  OK  [0m] Found device /dev/ttyS0.
[[0;32m  OK  [0m] Listening on Load/Save RF Kill Switch Status /dev/rfkill Watch.
         Mounting Arbitrary Executable File Formats File System...
[[0;32m  OK  [0m] Mounted Arbitrary Executable File Formats File System.
[[0;32m  OK  [0m] Started Set the console keyboard layout.
[[0;32m  OK  [0m] Reached target Local File Systems (Pre).
[[0;32m  OK  [0m] Reached target Local File Systems.
         Starting Set console font and keymap...
         Starting Commit a transient machine-id on disk...
         Starting Tell Plymouth To Write Out Runtime Data...
         Starting AppArmor initialization...
         Starting Create Volatile Files and Directories...
         Starting ebtables ruleset management...
[[0;32m  OK  [0m] Started Dispatch Password Requests to Console Directory Watch.
[[0;32m  OK  [0m] Reached target Local Encrypted Volumes.
[[0;32m  OK  [0m] Started Tell Plymouth To Write Out Runtime Data.
[[0;32m  OK  [0m] Started Create Volatile Files and Directories.
         Starting Update UTMP about System Boot/Shutdown...
[[0;32m  OK  [0m] Started Update UTMP about System Boot/Shutdown.
[[0;32m  OK  [0m] Started Commit a transient machine-id on disk.
[[0;32m  OK  [0m] Started ebtables ruleset management.
[[0;32m  OK  [0m] Started AppArmor initialization.
         Starting Initial cloud-init job (pre-networking)...
         Starting Load AppArmor profiles managed internally by snapd...
[[0;32m  OK  [0m] Started Load AppArmor profiles managed internally by snapd.
[[0;32m  OK  [0m] Started Set console font and keymap.
[   14.064352] cloud-init[803]: Cloud-init v. 23.1.2-0ubuntu0~18.04.1 running 'init-local' at Fri, 01 Mar 2024 17:29:48 +0000. Up 13.82 seconds.
[[0;32m  OK  [0m] Started Initial cloud-init job (pre-networking).
[[0;32m  OK  [0m] Reached target Network (Pre).
         Starting Network Service...
[[0;32m  OK  [0m] Started Network Service.
         Starting Network Name Resolution...
         Starting Wait for Network to be Configured...
[[0;32m  OK  [0m] Started Network Name Resolution.
[[0;32m  OK  [0m] Reached target Host and Network Name Lookups.
[[0;32m  OK  [0m] Reached target Network.
[[0;32m  OK  [0m] Started Wait for Network to be Configured.
         Starting Initial cloud-init job (metadata service crawler)...
[   17.100783] cloud-init[1022]: Cloud-init v. 23.1.2-0ubuntu0~18.04.1 running 'init' at Fri, 01 Mar 2024 17:29:52 +0000. Up 17.01 seconds.
[   17.101811] cloud-init[1022]: ci-info: ++++++++++++++++++++++++++++++++++++++Net device info+++++++++++++++++++++++++++++++++++++++
[   17.102916] cloud-init[1022]: ci-info: +--------+-------+----------------------------+---------------+--------+-------------------+
[   17.103894] cloud-init[1022]: ci-info: | Device |   Up  |          Address           |      Mask     | Scope  |     Hw-Address    |
[   17.104893] cloud-init[1022]: ci-info: +--------+-------+----------------------------+---------------+--------+-------------------+
[   17.105883] cloud-init[1022]: ci-info: | enp0s3 |  True |         10.0.2.15          | 255.255.255.0 | global | 02:3b:7b:b7:3b:2d |
[   17.106877] cloud-init[1022]: ci-info: | enp0s3 |  True | fe80::3b:7bff:feb7:3b2d/64 |       .       |  link  | 02:3b:7b:b7:3b:2d |
[   17.107864] cloud-init[1022]: ci-info: | enp0s8 | False |             .              |       .       |   .    | 08:00:27:d1:14:66 |
[   17.108841] cloud-init[1022]: ci-info: | enp0s9 | False |             .              |       .       |   .    | 08:00:27:cb:88:bf |
[   17.109850] cloud-init[1022]: ci-info: |   lo   |  True |         127.0.0.1          |   255.0.0.0   |  host  |         .         |
[   17.110865] cloud-init[1022]: ci-info: |   lo   |  True |          ::1/128           |       .       |  host  |         .         |
[   17.111894] cloud-init[1022]: ci-info: +--------+-------+----------------------------+---------------+--------+-------------------+
[   17.112935] cloud-init[1022]: ci-info: ++++++++++++++++++++++++++++Route IPv4 info+++++++++++++++++++++++++++++
[   17.113815] cloud-init[1022]: ci-info: +-------+-------------+----------+-----------------+-----------+-------+
[   17.114770] cloud-init[1022]: ci-info: | Route | Destination | Gateway  |     Genmask     | Interface | Flags |
[   17.115689] cloud-init[1022]: ci-info: +-------+-------------+----------+-----------------+-----------+-------+
[   17.116554] cloud-init[1022]: ci-info: |   0   |   0.0.0.0   | 10.0.2.2 |     0.0.0.0     |   enp0s3  |   UG  |
[   17.117408] cloud-init[1022]: ci-info: |   1   |   10.0.2.0  | 0.0.0.0  |  255.255.255.0  |   enp0s3  |   U   |
[   17.118266] cloud-init[1022]: ci-info: |   2   |   10.0.2.2  | 0.0.0.0  | 255.255.255.255 |   enp0s3  |   UH  |
[   17.119123] cloud-init[1022]: ci-info: +-------+-------------+----------+-----------------+-----------+-------+
[   17.119999] cloud-init[1022]: ci-info: +++++++++++++++++++Route IPv6 info+++++++++++++++++++
[   17.122469] cloud-init[1022]: ci-info: +-------+-------------+---------+-----------+-------+
[   17.123822] cloud-init[1022]: ci-info: | Route | Destination | Gateway | Interface | Flags |
[   17.124763] cloud-init[1022]: ci-info: +-------+-------------+---------+-----------+-------+
[   17.125722] cloud-init[1022]: ci-info: |   1   |  fe80::/64  |    ::   |   enp0s3  |   U   |
[   17.126432] cloud-init[1022]: ci-info: |   3   |    local    |    ::   |   enp0s3  |   U   |
[   17.127315] cloud-init[1022]: ci-info: |   4   |   ff00::/8  |    ::   |   enp0s3  |   U   |
[   17.128247] cloud-init[1022]: ci-info: +-------+-------------+---------+-----------+-------+
[   17.805954] cloud-init[1022]: Generating public/private rsa key pair.
[   17.806426] cloud-init[1022]: Your identification has been saved in /etc/ssh/ssh_host_rsa_key.
[   17.807103] cloud-init[1022]: Your public key has been saved in /etc/ssh/ssh_host_rsa_key.pub.
[   17.807770] cloud-init[1022]: The key fingerprint is:
[   17.808356] cloud-init[1022]: SHA256:umg6UibAGCkcXR55KUBJ4ta/et9AeRJdbM4x7aFj07w root@ubuntu-bionic
[   17.809254] cloud-init[1022]: The key's randomart image is:
[   17.809873] cloud-init[1022]: +---[RSA 2048]----+
[   17.810422] cloud-init[1022]: |.+=++o. . ...    |
[   17.810969] cloud-init[1022]: |=.oo.o.o. .= o   |
[   17.820334] cloud-init[1022]: |++ . .o. .+ B .  |
[   17.820900] cloud-init[1022]: |+.  .   o  B +   |
[   17.821517] cloud-init[1022]: |.    . +S.. o .  |
[   17.822114] cloud-init[1022]: |. o   o.o    E   |
[   17.822711] cloud-init[1022]: | +   ...         |
[   17.823285] cloud-init[1022]: |. . oo .o        |
[   17.823856] cloud-init[1022]: | ..=o o. .       |
[   17.824446] cloud-init[1022]: +----[SHA256]-----+
[   17.825004] cloud-init[1022]: Generating public/private dsa key pair.
[   17.825691] cloud-init[1022]: Your identification has been saved in /etc/ssh/ssh_host_dsa_key.
[   17.826528] cloud-init[1022]: Your public key has been saved in /etc/ssh/ssh_host_dsa_key.pub.
[   17.827371] cloud-init[1022]: The key fingerprint is:
[   17.827963] cloud-init[1022]: SHA256:xIv9WUmHV6c5zXqdZ1T1uEe1UOrHcoKX0bKQcOt42Kc root@ubuntu-bionic
[   17.828888] cloud-init[1022]: The key's randomart image is:
[   17.829501] cloud-init[1022]: +---[DSA 1024]----+
[   17.830045] cloud-init[1022]: |         . . ...B|
[   17.830604] cloud-init[1022]: |       .  o o.+B*|
[   17.831186] cloud-init[1022]: |        o  +o+Bo*|
[   17.831758] cloud-init[1022]: |       + .=.++**o|
[   17.832379] cloud-init[1022]: |      . So =oOo=*|
[   17.832942] cloud-init[1022]: |         ..o+ =+.|
[   17.833493] cloud-init[1022]: |          oE     |
[   17.834056] cloud-init[1022]: |                 |
[   17.834628] cloud-init[1022]: |                 |
[   17.835205] cloud-init[1022]: +----[SHA256]-----+
[   17.835785] cloud-init[1022]: Generating public/private ecdsa key pair.
[   17.836529] cloud-init[1022]: Your identification has been saved in /etc/ssh/ssh_host_ecdsa_key.
[   17.837424] cloud-init[1022]: Your public key has been saved in /etc/ssh/ssh_host_ecdsa_key.pub.
[   17.838515] cloud-init[1022]: The key fingerprint is:
[   17.839520] cloud-init[1022]: SHA256:pRqYOZ/Z8exLj8CoquE48o1+mnpzNRtiYaLLrLu4mCA root@ubuntu-bionic
[   17.840861] cloud-init[1022]: The key's randomart image is:
[   17.841820] cloud-init[1022]: +---[ECDSA 256]---+
[   17.842414] cloud-init[1022]: |                 |
[   17.842992] cloud-init[1022]: |                 |
[   17.843570] cloud-init[1022]: |          .      |
[   17.844182] cloud-init[1022]: |  . o+   o       |
[   17.844755] cloud-init[1022]: | . o=.. S        |
[   17.845340] cloud-init[1022]: |.   oo+O +       |
[   17.845916] cloud-init[1022]: |E. . o*++ +      |
[   17.846522] cloud-init[1022]: |@=o+o..  + o     |
[   17.847087] cloud-init[1022]: |#%B*o     +..    |
[   17.847634] cloud-init[1022]: +----[SHA256]-----+
[   17.848223] cloud-init[1022]: Generating public/private ed25519 key pair.
[   17.848948] cloud-init[1022]: Your identification has been saved in /etc/ssh/ssh_host_ed25519_key.
[   17.849831] cloud-init[1022]: Your public key has been saved in /etc/ssh/ssh_host_ed25519_key.pub.
[   17.850737] cloud-init[1022]: The key fingerprint is:
[   17.851344] cloud-init[1022]: SHA256:g0+iodjIflAS9qq/KsbNhaZjWReKeFJ6z+AX+rddLSY root@ubuntu-bionic
[   17.852291] cloud-init[1022]: The key's randomart image is:
[   17.852907] cloud-init[1022]: +--[ED25519 256]--+
[   17.853480] cloud-init[1022]: |                 |
[[   17.873831] cloud-init[1022]: | o               |
[   17.874017] cloud-init[1022]: |. o              |
[   17.874052] cloud-init[1022]: | ..o . .         |
[   17.874795] cloud-init[1022]: |.o= + + S        |
[   17.875215] cloud-init[1022]: |=B+*.= + . .     |
[   17.875637] cloud-init[1022]: |=*@=+.  E + .    |
[   17.876078] cloud-init[1022]: |+Bo++ .. + .     |
[   17.876518] cloud-init[1022]: |=+=+.....        |
[   17.876940] cloud-init[1022]: +----[SHA256]-----+
[0;32m  OK  [0m] Started Initial cloud-init job (metadata service crawler).
[[0;32m  OK  [0m] Reached target System Initialization.
[[0;32m  OK  [0m] Listening on ACPID Listen Socket.
[[0;32m  OK  [0m] Listening on D-Bus System Message Bus Socket.
[[0;32m  OK  [0m] Started ACPI Events Check.
[[0;32m  OK  [0m] Started Daily Cleanup of Temporary Directories.
[[0;32m  OK  [0m] Started Message of the Day.
[[0;32m  OK  [0m] Started Ubuntu Advantage Timer for running repeated jobs.
[[0;32m  OK  [0m] Started Discard unused blocks once a week.
[[0;32m  OK  [0m] Started Daily apt download activities.
[[0;32m  OK  [0m] Started Daily apt upgrade and clean activities.
[[0;32m  OK  [0m] Reached target Timers.
[[0;32m  OK  [0m] Listening on cloud-init hotplug hook socket.
         Starting LXD - unix socket.
         Starting Socket activation for snappy daemon.
[[0;32m  OK  [0m] Listening on UUID daemon activation socket.
[[0;32m  OK  [0m] Listening on Open-iSCSI iscsid Socket.
[[0;32m  OK  [0m] Reached target Paths.
[[0;32m  OK  [0m] Reached target Cloud-config availability.
[[0;32m  OK  [0m] Reached target Network is Online.
         Starting Availability of block devices...
[[0;32m  OK  [0m] Reached target Remote File Systems (Pre).
[[0;32m  OK  [0m] Reached target Remote File Systems.
[[0;32m  OK  [0m] Listening on LXD - unix socket.
[[0;32m  OK  [0m] Listening on Socket activation for snappy daemon.
[[0;32m  OK  [0m] Reached target Sockets.
[[0;32m  OK  [0m] Reached target Basic System.
         Starting Pollinate to seed the pseudo random number generator...
[[0;32m  OK  [0m] Started irqbalance daemon.
         Starting LSB: Record successful boot for GRUB...
         Starting Virtualbox guest utils...
         Starting Dispatcher daemon for systemd-networkd...
[[0;32m  OK  [0m] Started Deferred execution scheduler.
         Starting Login Service...
         Starting Accounts Service...
[[0;32m  OK  [0m] Started Regular background program processing daemon.
[[0;32m  OK  [0m] Started D-Bus System Message Bus.
[[0;32m  OK  [0m] Reached target Login Prompts (Pre).
[[0;32m  OK  [0m] Started FUSE filesystem for LXC.
         Starting System Logging Service...
         Starting Permit User Sessions...
         Starting LSB: automatic crash report generation...
         Starting Snap Daemon...
         Starting LXD - container startup/shutdown...
[[0;32m  OK  [0m] Started System Logging Service.
[[0;32m  OK  [0m] Started Availability of block devices.
[[0;32m  OK  [0m] Started Permit User Sessions.
[[0;32m  OK  [0m] Started Login Service.
[[0;32m  OK  [0m] Started Unattended Upgrades Shutdown.
         Starting Terminate Plymouth Boot Screen...
         Starting Hold until boot process finishes up...
[[0;32m  OK  [0m] Started Hold until boot process finishes up.
         Starting Set console scheme...
[[0;32m  OK  [0m] Started Serial Getty on ttyS0.
[[0;32m  OK  [0m] Started Terminate Plymouth Boot Screen.
[[0;32m  OK  [0m] Started Set console scheme.
[[0;32m  OK  [0m] Created slice system-getty.slice.
[[0;32m  OK  [0m] Started Getty on tty1.
[[0;32m  OK  [0m] Reached target Login Prompts.
[[0;32m  OK  [0m] Started LSB: automatic crash report generation.
[[0;32m  OK  [0m] Started LXD - container startup/shutdown.
         Starting Authorization Manager...
[[0;32m  OK  [0m] Started LSB: Record successful boot for GRUB.
[[0;32m  OK  [0m] Started Authorization Manager.
[[0;32m  OK  [0m] Started Accounts Service.
[[0;32m  OK  [0m] Started Virtualbox guest utils.
[[0;32m  OK  [0m] Started Dispatcher daemon for systemd-networkd.
[[0;32m  OK  [0m] Started Snap Daemon.
         Starting Wait until snapd is fully seeded...
         Starting Time & Date Service...
[[0;32m  OK  [0m] Started Time & Date Service.
[[0;32m  OK  [0m] Started Wait until snapd is fully seeded.
         Starting Apply the settings specified in cloud-config...
[   21.880946] cloud-init[1549]: Cloud-init v. 23.1.2-0ubuntu0~18.04.1 running 'modules:config' at Fri, 01 Mar 2024 17:29:56 +0000. Up 21.63 seconds.
[[0;32m  OK  [0m] Started Apply the settings specified in cloud-config.

Ubuntu 18.04.6 LTS ubuntu-bionic ttyS0

ubuntu-bionic login: ci-info: no authorized SSH keys fingerprints found for user ubuntu.
<14>Mar  1 17:30:00 cloud-init: #############################################################
<14>Mar  1 17:30:00 cloud-init: -----BEGIN SSH HOST KEY FINGERPRINTS-----
<14>Mar  1 17:30:00 cloud-init: 1024 SHA256:xIv9WUmHV6c5zXqdZ1T1uEe1UOrHcoKX0bKQcOt42Kc root@ubuntu-bionic (DSA)
<14>Mar  1 17:30:00 cloud-init: 256 SHA256:pRqYOZ/Z8exLj8CoquE48o1+mnpzNRtiYaLLrLu4mCA root@ubuntu-bionic (ECDSA)
<14>Mar  1 17:30:00 cloud-init: 256 SHA256:g0+iodjIflAS9qq/KsbNhaZjWReKeFJ6z+AX+rddLSY root@ubuntu-bionic (ED25519)
<14>Mar  1 17:30:00 cloud-init: 2048 SHA256:umg6UibAGCkcXR55KUBJ4ta/et9AeRJdbM4x7aFj07w root@ubuntu-bionic (RSA)
<14>Mar  1 17:30:00 cloud-init: -----END SSH HOST KEY FINGERPRINTS-----
<14>Mar  1 17:30:00 cloud-init: #############################################################
-----BEGIN SSH HOST KEY KEYS-----
ecdsa-sha2-nistp256 AAAAE2VjZHNhLXNoYTItbmlzdHAyNTYAAAAIbmlzdHAyNTYAAABBBMH85rIAFnA3Fuf0nSsSsChr+gr0Eo4ilJkC2yzYFVY95S9/j5/gFdu0xUTSMewR9HMLlgyaHsGvBeYsWO0cUmA= root@ubuntu-bionic
ssh-ed25519 AAAAC3NzaC1lZDI1NTE5AAAAIPKA66YlvPCjWkgMxNBLd5pR/+IXTd+/ZMXinD/L4+yC root@ubuntu-bionic
ssh-rsa AAAAB3NzaC1yc2EAAAADAQABAAABAQDf/eSAqFEK1Q0uzSqcAImZrM4b3GQE9sl8WHKfIycFaEGJBLDxolaYwPcJChdQSMpunIWu1wyVppye+5RYSfsmrMVdyYVnmEh8R9PSwmT8J7gQvCS05cC5A5tv6YkH01mYJWdRwodgK9Pm891edsokT+n2+FHSmCG+vEW/z0NoArTf6clIpwKI08eyssFz+EBY4aU6MoRFUwg0AwHDKty0wW3EsbjFnBsCguJDhY0tb/vnEox84K0LikiVB+Wm2cZwyd0tKB/kq/KargZIVGHRZi8VgY6m1Opnocl//vc2isVJwq7htcO8ZB54O/UPfPh9xoQmRqHFUpO7uV+8Uq+T root@ubuntu-bionic
-----END SSH HOST KEY KEYS-----
[   25.784913] cloud-init[1643]: Cloud-init v. 23.1.2-0ubuntu0~18.04.1 running 'modules:final' at Fri, 01 Mar 2024 17:30:00 +0000. Up 25.60 seconds.
[   25.785767] cloud-init[1643]: Cloud-init v. 23.1.2-0ubuntu0~18.04.1 finished at Fri, 01 Mar 2024 17:30:00 +0000. Datasource DataSourceNoCloud [seed=/dev/sdb][dsmode=net].  Up 25.77 seconds
